  [1m[35m (394.6ms)[0m  [1m[35mCREATE DATABASE "ninety_nine_cats_development" ENCODING = 'unicode'[0m
  [1m[35m (287.6ms)[0m  [1m[35mCREATE DATABASE "ninety_nine_cats_test" ENCODING = 'unicode'[0m
  [1m[35m (34.4ms)[0m  [1m[35mCREATE TABLE "schema_migrations" ("version" character varying NOT NULL PRIMARY KEY)[0m
  [1m[35m (5.8ms)[0m  [1m[35mCREATE TABLE "ar_internal_metadata" ("key" character varying NOT NULL PRIMARY KEY, "value" character varying, "created_at" timestamp(6) NOT NULL, "updated_at" timestamp(6) NOT NULL)[0m
  [1m[35m (0.6ms)[0m  [1m[34mSELECT pg_try_advisory_lock(723150122408807205)[0m
  [1m[35m (1.7ms)[0m  [1m[34mSELECT "schema_migrations"."version" FROM "schema_migrations" ORDER BY "schema_migrations"."version" ASC[0m
Migrating to CreateCats (20191002180514)
  [1m[35m (0.3ms)[0m  [1m[35mBEGIN[0m
  [1m[35m (8.9ms)[0m  [1m[35mCREATE TABLE "cats" ("id" bigserial primary key, "birth_date" date NOT NULL, "color" character varying NOT NULL, "name" character varying NOT NULL, "sex" character varying(1) NOT NULL, "description" text NOT NULL, "created_at" timestamp(6) NOT NULL, "updated_at" timestamp(6) NOT NULL)[0m
  [1m[36mprimary::SchemaMigration Create (2.2ms)[0m  [1m[32mINSERT INTO "schema_migrations" ("version") VALUES ($1) RETURNING "version"[0m  [["version", "20191002180514"]]
  [1m[35m (0.9ms)[0m  [1m[35mCOMMIT[0m
  [1m[36mActiveRecord::InternalMetadata Load (0.7ms)[0m  [1m[34mSELECT "ar_internal_metadata".* FROM "ar_internal_metadata" WHERE "ar_internal_metadata"."key" = $1 LIMIT $2[0m  [["key", "environment"], ["LIMIT", 1]]
  [1m[35m (0.2ms)[0m  [1m[35mBEGIN[0m
  [1m[36mActiveRecord::InternalMetadata Create (1.0ms)[0m  [1m[32mINSERT INTO "ar_internal_metadata" ("key", "value", "created_at", "updated_at") VALUES ($1, $2, $3, $4) RETURNING "key"[0m  [["key", "environment"], ["value", "development"], ["created_at", "2019-10-02 18:14:20.245241"], ["updated_at", "2019-10-02 18:14:20.245241"]]
  [1m[35m (1.7ms)[0m  [1m[35mCOMMIT[0m
  [1m[35m (0.9ms)[0m  [1m[34mSELECT pg_advisory_unlock(723150122408807205)[0m
  [1m[35m (1.8ms)[0m  [1m[34mSELECT "schema_migrations"."version" FROM "schema_migrations" ORDER BY "schema_migrations"."version" ASC[0m
  [1m[35m (1.0ms)[0m  [1m[35mBEGIN[0m
  [1m[36mCat Create (4.0ms)[0m  [1m[32mINSERT INTO "cats" ("birth_date", "color", "name", "sex", "description", "created_at", "updated_at") VALUES ($1, $2, $3, $4, $5, $6, $7) RETURNING "id"[0m  [["birth_date", "2015-01-20"], ["color", "white"], ["name", "peeka"], ["sex", "F"], ["description", "tuxedo cat"], ["created_at", "2019-10-02 19:49:43.371419"], ["updated_at", "2019-10-02 19:49:43.371419"]]
  [1m[35m (0.6ms)[0m  [1m[35mCOMMIT[0m
  [1m[36mCat Load (0.6ms)[0m  [1m[34mSELECT "cats".* FROM "cats" WHERE "cats"."id" = $1 LIMIT $2[0m  [["id", 1], ["LIMIT", 1]]
  [1m[36mCat Load (0.5ms)[0m  [1m[34mSELECT "cats".* FROM "cats" WHERE "cats"."id" = $1 LIMIT $2[0m  [["id", 1], ["LIMIT", 1]]
  [1m[36mCat Load (1.8ms)[0m  [1m[34mSELECT "cats".* FROM "cats" WHERE "cats"."id" = $1 LIMIT $2[0m  [["id", 1], ["LIMIT", 1]]
  [1m[36mCat Load (0.4ms)[0m  [1m[34mSELECT "cats".* FROM "cats" WHERE "cats"."id" = $1 LIMIT $2[0m  [["id", 1], ["LIMIT", 1]]
  [1m[36mCat Load (0.5ms)[0m  [1m[34mSELECT "cats".* FROM "cats" WHERE "cats"."id" = $1 LIMIT $2[0m  [["id", 1], ["LIMIT", 1]]
  [1m[36mCat Load (0.9ms)[0m  [1m[34mSELECT "cats".* FROM "cats" WHERE "cats"."id" = $1 LIMIT $2[0m  [["id", 1], ["LIMIT", 1]]
  [1m[36mCat Load (0.8ms)[0m  [1m[34mSELECT "cats".* FROM "cats" WHERE "cats"."id" = $1 LIMIT $2[0m  [["id", 1], ["LIMIT", 1]]
  [1m[36mCat Load (2.6ms)[0m  [1m[34mSELECT "cats".* FROM "cats" WHERE "cats"."id" = $1 LIMIT $2[0m  [["id", 1], ["LIMIT", 1]]
  [1m[35m (0.3ms)[0m  [1m[35mBEGIN[0m
  [1m[36mCat Create (2.2ms)[0m  [1m[32mINSERT INTO "cats" ("birth_date", "color", "name", "sex", "description", "created_at", "updated_at") VALUES ($1, $2, $3, $4, $5, $6, $7) RETURNING "id"[0m  [["birth_date", "2015-01-20"], ["color", "white"], ["name", "peeka"], ["sex", "F"], ["description", "tuxedo cat"], ["created_at", "2019-10-02 20:02:20.292387"], ["updated_at", "2019-10-02 20:02:20.292387"]]
  [1m[35m (1.2ms)[0m  [1m[35mCOMMIT[0m
  [1m[35m (0.3ms)[0m  [1m[35mBEGIN[0m
  [1m[36mCat Create (1.4ms)[0m  [1m[32mINSERT INTO "cats" ("birth_date", "color", "name", "sex", "description", "created_at", "updated_at") VALUES ($1, $2, $3, $4, $5, $6, $7) RETURNING "id"[0m  [["birth_date", "2015-01-20"], ["color", "white"], ["name", "peeka"], ["sex", "F"], ["description", "tuxedo cat"], ["created_at", "2019-10-02 20:04:12.143715"], ["updated_at", "2019-10-02 20:04:12.143715"]]
  [1m[35m (1.0ms)[0m  [1m[35mCOMMIT[0m
  [1m[35m (0.2ms)[0m  [1m[35mBEGIN[0m
  [1m[36mCat Create (0.6ms)[0m  [1m[32mINSERT INTO "cats" ("birth_date", "color", "name", "sex", "description", "created_at", "updated_at") VALUES ($1, $2, $3, $4, $5, $6, $7) RETURNING "id"[0m  [["birth_date", "2015-01-20"], ["color", "white"], ["name", "peeka"], ["sex", "F"], ["description", "tuxedo cat"], ["created_at", "2019-10-02 20:04:26.337310"], ["updated_at", "2019-10-02 20:04:26.337310"]]
  [1m[35m (0.6ms)[0m  [1m[35mCOMMIT[0m
  [1m[35m (0.4ms)[0m  [1m[35mBEGIN[0m
  [1m[36mCat Create (2.6ms)[0m  [1m[32mINSERT INTO "cats" ("birth_date", "color", "name", "sex", "description", "created_at", "updated_at") VALUES ($1, $2, $3, $4, $5, $6, $7) RETURNING "id"[0m  [["birth_date", "2015-01-20"], ["color", "white"], ["name", "peeka"], ["sex", "F"], ["description", "tuxedo cat"], ["created_at", "2019-10-02 20:06:00.131044"], ["updated_at", "2019-10-02 20:06:00.131044"]]
  [1m[35m (1.0ms)[0m  [1m[35mCOMMIT[0m
  [1m[35m (0.3ms)[0m  [1m[35mBEGIN[0m
  [1m[36mCat Create (1.6ms)[0m  [1m[32mINSERT INTO "cats" ("birth_date", "color", "name", "sex", "description", "created_at", "updated_at") VALUES ($1, $2, $3, $4, $5, $6, $7) RETURNING "id"[0m  [["birth_date", "2015-01-20"], ["color", "white"], ["name", "peeka"], ["sex", "F"], ["description", "tuxedo cat"], ["created_at", "2019-10-02 20:08:08.653261"], ["updated_at", "2019-10-02 20:08:08.653261"]]
  [1m[35m (1.8ms)[0m  [1m[35mCOMMIT[0m
  [1m[36mCat Load (1.9ms)[0m  [1m[34mSELECT "cats".* FROM "cats" WHERE "cats"."id" = $1 LIMIT $2[0m  [["id", nil], ["LIMIT", 1]]
  [1m[36mCat Load (0.6ms)[0m  [1m[34mSELECT "cats".* FROM "cats" WHERE "cats"."id" = $1 LIMIT $2[0m  [["id", nil], ["LIMIT", 1]]
  [1m[36mCat Load (0.5ms)[0m  [1m[34mSELECT "cats".* FROM "cats" WHERE "cats"."id" = $1 LIMIT $2[0m  [["id", nil], ["LIMIT", 1]]
  [1m[35m (1.7ms)[0m  [1m[35mBEGIN[0m
  [1m[36mCat Create (5.3ms)[0m  [1m[32mINSERT INTO "cats" ("birth_date", "color", "name", "sex", "description", "created_at", "updated_at") VALUES ($1, $2, $3, $4, $5, $6, $7) RETURNING "id"[0m  [["birth_date", "2015-01-20"], ["color", "white"], ["name", "peeka"], ["sex", "F"], ["description", "tuxedo cat"], ["created_at", "2019-10-02 20:09:59.007580"], ["updated_at", "2019-10-02 20:09:59.007580"]]
  [1m[35m (0.9ms)[0m  [1m[35mCOMMIT[0m
  [1m[35m (0.4ms)[0m  [1m[35mBEGIN[0m
  [1m[36mCat Create (4.7ms)[0m  [1m[32mINSERT INTO "cats" ("birth_date", "color", "name", "sex", "description", "created_at", "updated_at") VALUES ($1, $2, $3, $4, $5, $6, $7) RETURNING "id"[0m  [["birth_date", "2015-01-20"], ["color", "white"], ["name", "peeka"], ["sex", "F"], ["description", "tuxedo cat"], ["created_at", "2019-10-02 20:11:06.508859"], ["updated_at", "2019-10-02 20:11:06.508859"]]
  [1m[35m (1.6ms)[0m  [1m[35mCOMMIT[0m
  [1m[35m (0.3ms)[0m  [1m[35mBEGIN[0m
  [1m[36mCat Create (2.2ms)[0m  [1m[32mINSERT INTO "cats" ("birth_date", "color", "name", "sex", "description", "created_at", "updated_at") VALUES ($1, $2, $3, $4, $5, $6, $7) RETURNING "id"[0m  [["birth_date", "2015-01-20"], ["color", "white"], ["name", "peeka"], ["sex", "F"], ["description", "tuxedo cat"], ["created_at", "2019-10-02 20:11:33.163289"], ["updated_at", "2019-10-02 20:11:33.163289"]]
  [1m[35m (0.9ms)[0m  [1m[35mCOMMIT[0m
  [1m[36mCat Load (0.9ms)[0m  [1m[34mSELECT "cats".* FROM "cats"[0m
  [1m[36mCat Load (0.6ms)[0m  [1m[34mSELECT "cats".* FROM "cats"[0m
  [1m[35m (2.1ms)[0m  [1m[35mBEGIN[0m
  [1m[36mCat Destroy (1.8ms)[0m  [1m[31mDELETE FROM "cats" WHERE "cats"."id" = $1[0m  [["id", 1]]
  [1m[35m (3.0ms)[0m  [1m[35mCOMMIT[0m
  [1m[35m (0.3ms)[0m  [1m[35mBEGIN[0m
  [1m[36mCat Destroy (0.7ms)[0m  [1m[31mDELETE FROM "cats" WHERE "cats"."id" = $1[0m  [["id", 2]]
  [1m[35m (2.3ms)[0m  [1m[35mCOMMIT[0m
  [1m[35m (0.3ms)[0m  [1m[35mBEGIN[0m
  [1m[36mCat Destroy (0.7ms)[0m  [1m[31mDELETE FROM "cats" WHERE "cats"."id" = $1[0m  [["id", 3]]
  [1m[35m (0.8ms)[0m  [1m[35mCOMMIT[0m
  [1m[35m (0.5ms)[0m  [1m[35mBEGIN[0m
  [1m[36mCat Destroy (0.8ms)[0m  [1m[31mDELETE FROM "cats" WHERE "cats"."id" = $1[0m  [["id", 4]]
  [1m[35m (0.8ms)[0m  [1m[35mCOMMIT[0m
  [1m[35m (0.2ms)[0m  [1m[35mBEGIN[0m
  [1m[36mCat Destroy (0.8ms)[0m  [1m[31mDELETE FROM "cats" WHERE "cats"."id" = $1[0m  [["id", 5]]
  [1m[35m (1.0ms)[0m  [1m[35mCOMMIT[0m
  [1m[35m (0.5ms)[0m  [1m[35mBEGIN[0m
  [1m[36mCat Destroy (0.6ms)[0m  [1m[31mDELETE FROM "cats" WHERE "cats"."id" = $1[0m  [["id", 6]]
  [1m[35m (0.6ms)[0m  [1m[35mCOMMIT[0m
  [1m[35m (0.3ms)[0m  [1m[35mBEGIN[0m
  [1m[36mCat Destroy (1.3ms)[0m  [1m[31mDELETE FROM "cats" WHERE "cats"."id" = $1[0m  [["id", 7]]
  [1m[35m (1.1ms)[0m  [1m[35mCOMMIT[0m
  [1m[35m (0.6ms)[0m  [1m[35mBEGIN[0m
  [1m[36mCat Destroy (1.0ms)[0m  [1m[31mDELETE FROM "cats" WHERE "cats"."id" = $1[0m  [["id", 8]]
  [1m[35m (1.1ms)[0m  [1m[35mCOMMIT[0m
  [1m[35m (0.3ms)[0m  [1m[35mBEGIN[0m
  [1m[36mCat Destroy (1.4ms)[0m  [1m[31mDELETE FROM "cats" WHERE "cats"."id" = $1[0m  [["id", 9]]
  [1m[35m (0.7ms)[0m  [1m[35mCOMMIT[0m
  [1m[36mCat Load (0.7ms)[0m  [1m[34mSELECT "cats".* FROM "cats"[0m
  [1m[35m (2.5ms)[0m  [1m[35mBEGIN[0m
  [1m[36mCat Create (0.7ms)[0m  [1m[32mINSERT INTO "cats" ("birth_date", "color", "name", "sex", "description", "created_at", "updated_at") VALUES ($1, $2, $3, $4, $5, $6, $7) RETURNING "id"[0m  [["birth_date", "2015-01-20"], ["color", "white"], ["name", "peeka"], ["sex", "F"], ["description", "tuxedo cat"], ["created_at", "2019-10-02 20:12:53.243665"], ["updated_at", "2019-10-02 20:12:53.243665"]]
  [1m[35m (0.6ms)[0m  [1m[35mCOMMIT[0m
  [1m[36mCat Load (1.3ms)[0m  [1m[34mSELECT "cats".* FROM "cats" ORDER BY "cats"."id" ASC LIMIT $1[0m  [["LIMIT", 1]]
Started GET "/" for ::1 at 2019-10-02 13:33:01 -0700
  [1m[35m (1.1ms)[0m  [1m[34mSELECT "schema_migrations"."version" FROM "schema_migrations" ORDER BY "schema_migrations"."version" ASC[0m
Processing by Rails::WelcomeController#index as HTML
  Rendering /Users/alexlee/.rbenv/versions/2.5.1/lib/ruby/gems/2.5.0/gems/railties-6.0.0/lib/rails/templates/rails/welcome/index.html.erb
  Rendered /Users/alexlee/.rbenv/versions/2.5.1/lib/ruby/gems/2.5.0/gems/railties-6.0.0/lib/rails/templates/rails/welcome/index.html.erb (Duration: 16.6ms | Allocations: 485)
Completed 200 OK in 40ms (Views: 22.4ms | ActiveRecord: 0.0ms | Allocations: 2764)


Started GET "/cats" for ::1 at 2019-10-02 13:34:29 -0700
Processing by CatsController#index as HTML
Completed 500 Internal Server Error in 11ms (ActiveRecord: 0.0ms | Allocations: 3281)



NameError - uninitialized constant #<Class:0x00007fdd77a50f08>::COLORS:
  app/models/cat.rb:5:in `<class:Cat>'
  app/models/cat.rb:2:in `<top (required)>'
  app/controllers/cats_controller.rb:4:in `index'

Started POST "/__better_errors/8fa3527cbb10986f/variables" for ::1 at 2019-10-02 13:34:29 -0700
Started GET "/cats" for ::1 at 2019-10-02 13:35:20 -0700
Processing by CatsController#index as HTML
  Rendering cats/index.html.erb within layouts/application
  Rendered cats/index.html.erb within layouts/application (Duration: 1.1ms | Allocations: 88)
Completed 200 OK in 10ms (Views: 7.5ms | ActiveRecord: 0.0ms | Allocations: 2102)


Started GET "/cats" for ::1 at 2019-10-02 13:35:59 -0700
Processing by CatsController#index as HTML
  Rendering cats/index.html.erb within layouts/application
  Rendered cats/index.html.erb within layouts/application (Duration: 0.2ms | Allocations: 4)
Completed 200 OK in 11ms (Views: 6.6ms | ActiveRecord: 0.0ms | Allocations: 1397)


Started GET "/cats" for ::1 at 2019-10-02 13:36:00 -0700
Processing by CatsController#index as HTML
  Rendering cats/index.html.erb within layouts/application
  Rendered cats/index.html.erb within layouts/application (Duration: 0.1ms | Allocations: 5)
Completed 200 OK in 4ms (Views: 1.6ms | ActiveRecord: 0.0ms | Allocations: 553)


Started GET "/cats" for ::1 at 2019-10-02 13:36:02 -0700
Processing by CatsController#index as HTML
  Rendering cats/index.html.erb within layouts/application
  Rendered cats/index.html.erb within layouts/application (Duration: 0.1ms | Allocations: 5)
Completed 200 OK in 3ms (Views: 1.8ms | ActiveRecord: 0.0ms | Allocations: 548)


Started GET "/cats" for ::1 at 2019-10-02 13:48:47 -0700
Processing by CatsController#index as HTML
  Rendering cats/index.html.erb within layouts/application
  [1m[36mCat Load (1.5ms)[0m  [1m[34mSELECT "cats".* FROM "cats"[0m
  ↳ app/views/cats/index.html.erb:4
  Rendered cats/index.html.erb within layouts/application (Duration: 87.0ms | Allocations: 16162)
Completed 500 Internal Server Error in 96ms (ActiveRecord: 17.7ms | Allocations: 17355)



ActionController::UrlGenerationError - No route matches {:action=>"show", :controller=>"cats"}, missing required keys: [:id]:
  app/views/cats/index.html.erb:6
  app/views/cats/index.html.erb:4
  app/controllers/cats_controller.rb:5:in `index'

Started POST "/__better_errors/0852224dd9c52eab/variables" for ::1 at 2019-10-02 13:48:47 -0700
Started GET "/cats" for ::1 at 2019-10-02 13:49:13 -0700
Processing by CatsController#index as HTML
  Rendering cats/index.html.erb within layouts/application
  [1m[36mCat Load (1.7ms)[0m  [1m[34mSELECT "cats".* FROM "cats"[0m
  ↳ app/views/cats/index.html.erb:4
  Rendered cats/index.html.erb within layouts/application (Duration: 12.0ms | Allocations: 3124)
Completed 500 Internal Server Error in 21ms (ActiveRecord: 1.7ms | Allocations: 4323)



ActionController::UrlGenerationError - No route matches {:action=>"show", :controller=>"cats"}, missing required keys: [:id]:
  app/views/cats/index.html.erb:6
  app/views/cats/index.html.erb:4
  app/controllers/cats_controller.rb:5:in `index'

Started POST "/__better_errors/a1a7aae310547f47/variables" for ::1 at 2019-10-02 13:49:14 -0700
Started GET "/cats" for ::1 at 2019-10-02 13:49:14 -0700
Processing by CatsController#index as HTML
  Rendering cats/index.html.erb within layouts/application
  [1m[36mCat Load (1.1ms)[0m  [1m[34mSELECT "cats".* FROM "cats"[0m
  ↳ app/views/cats/index.html.erb:4
  Rendered cats/index.html.erb within layouts/application (Duration: 10.7ms | Allocations: 2951)
Completed 500 Internal Server Error in 15ms (ActiveRecord: 1.1ms | Allocations: 3398)



ActionController::UrlGenerationError - No route matches {:action=>"show", :controller=>"cats"}, missing required keys: [:id]:
  app/views/cats/index.html.erb:6
  app/views/cats/index.html.erb:4
  app/controllers/cats_controller.rb:5:in `index'

Started POST "/__better_errors/24ab3eca9e9eae10/variables" for ::1 at 2019-10-02 13:49:15 -0700
Started GET "/cats" for ::1 at 2019-10-02 13:49:29 -0700
Processing by CatsController#index as HTML
  Rendering cats/index.html.erb within layouts/application
  [1m[36mCat Load (0.8ms)[0m  [1m[34mSELECT "cats".* FROM "cats"[0m
  ↳ app/views/cats/index.html.erb:4
  Rendered cats/index.html.erb within layouts/application (Duration: 4.1ms | Allocations: 795)
Completed 200 OK in 12ms (Views: 10.3ms | ActiveRecord: 0.8ms | Allocations: 2223)


Started GET "/cats" for ::1 at 2019-10-02 13:49:47 -0700
Processing by CatsController#index as HTML
  Rendering cats/index.html.erb within layouts/application
  [1m[36mCat Load (0.9ms)[0m  [1m[34mSELECT "cats".* FROM "cats"[0m
  ↳ app/views/cats/index.html.erb:4
  Rendered cats/index.html.erb within layouts/application (Duration: 3.8ms | Allocations: 787)
Completed 200 OK in 12ms (Views: 8.8ms | ActiveRecord: 0.9ms | Allocations: 2206)


Started GET "/cats" for ::1 at 2019-10-02 13:49:49 -0700
Processing by CatsController#index as HTML
  Rendering cats/index.html.erb within layouts/application
  [1m[36mCat Load (0.7ms)[0m  [1m[34mSELECT "cats".* FROM "cats"[0m
  ↳ app/views/cats/index.html.erb:4
  Rendered cats/index.html.erb within layouts/application (Duration: 2.2ms | Allocations: 630)
Completed 200 OK in 5ms (Views: 2.7ms | ActiveRecord: 0.7ms | Allocations: 1174)


  [1m[35m (0.4ms)[0m  [1m[35mBEGIN[0m
  [1m[36mCat Create (2.2ms)[0m  [1m[32mINSERT INTO "cats" ("birth_date", "color", "name", "sex", "description", "created_at", "updated_at") VALUES ($1, $2, $3, $4, $5, $6, $7) RETURNING "id"[0m  [["birth_date", "2017-06-25"], ["color", "gray"], ["name", "nala"], ["sex", "F"], ["description", "lioness"], ["created_at", "2019-10-02 20:52:52.538591"], ["updated_at", "2019-10-02 20:52:52.538591"]]
  [1m[35m (3.5ms)[0m  [1m[35mCOMMIT[0m
  [1m[35m (0.2ms)[0m  [1m[35mBEGIN[0m
  [1m[36mCat Create (0.7ms)[0m  [1m[32mINSERT INTO "cats" ("birth_date", "color", "name", "sex", "description", "created_at", "updated_at") VALUES ($1, $2, $3, $4, $5, $6, $7) RETURNING "id"[0m  [["birth_date", "2015-01-20"], ["color", "brown"], ["name", "simba"], ["sex", "M"], ["description", "actually a lion"], ["created_at", "2019-10-02 20:53:41.450889"], ["updated_at", "2019-10-02 20:53:41.450889"]]
  [1m[35m (0.5ms)[0m  [1m[35mCOMMIT[0m
  [1m[36mCat Load (1.5ms)[0m  [1m[34mSELECT "cats".* FROM "cats"[0m
Started GET "/cats" for ::1 at 2019-10-02 13:54:12 -0700
Processing by CatsController#index as HTML
  Rendering cats/index.html.erb within layouts/application
  [1m[36mCat Load (0.7ms)[0m  [1m[34mSELECT "cats".* FROM "cats"[0m
  ↳ app/views/cats/index.html.erb:4
  Rendered cats/index.html.erb within layouts/application (Duration: 11.7ms | Allocations: 825)
Completed 200 OK in 39ms (Views: 29.4ms | ActiveRecord: 0.7ms | Allocations: 2245)


Started GET "/cats" for ::1 at 2019-10-02 13:55:02 -0700
Processing by CatsController#index as HTML
  Rendering cats/index.html.erb within layouts/application
  [1m[36mCat Load (1.2ms)[0m  [1m[34mSELECT "cats".* FROM "cats"[0m
  ↳ app/views/cats/index.html.erb:4
  Rendered cats/index.html.erb within layouts/application (Duration: 6.3ms | Allocations: 828)
Completed 200 OK in 18ms (Views: 15.3ms | ActiveRecord: 1.2ms | Allocations: 2253)


Started GET "/cats" for ::1 at 2019-10-02 13:55:13 -0700
Processing by CatsController#index as HTML
  Rendering cats/index.html.erb within layouts/application
  [1m[36mCat Load (0.9ms)[0m  [1m[34mSELECT "cats".* FROM "cats"[0m
  ↳ app/views/cats/index.html.erb:4
  Rendered cats/index.html.erb within layouts/application (Duration: 5.5ms | Allocations: 825)
Completed 200 OK in 17ms (Views: 13.7ms | ActiveRecord: 0.9ms | Allocations: 2243)


Started GET "/cats" for ::1 at 2019-10-02 13:55:14 -0700
Processing by CatsController#index as HTML
  Rendering cats/index.html.erb within layouts/application
  [1m[36mCat Load (0.6ms)[0m  [1m[34mSELECT "cats".* FROM "cats"[0m
  ↳ app/views/cats/index.html.erb:4
  Rendered cats/index.html.erb within layouts/application (Duration: 4.8ms | Allocations: 674)
Completed 200 OK in 9ms (Views: 6.1ms | ActiveRecord: 0.6ms | Allocations: 1209)


Started GET "/cats/10" for ::1 at 2019-10-02 14:03:20 -0700
Processing by CatsController#show as HTML
  Parameters: {"id"=>"10"}
  [1m[36mCat Load (0.7ms)[0m  [1m[34mSELECT "cats".* FROM "cats" WHERE "cats"."id" = $1 LIMIT $2[0m  [["id", 10], ["LIMIT", 1]]
  ↳ app/controllers/cats_controller.rb:9:in `show'
  Rendering cats/show.html.erb within layouts/application
  Rendered cats/show.html.erb within layouts/application (Duration: 0.6ms | Allocations: 128)
Completed 200 OK in 29ms (Views: 6.0ms | ActiveRecord: 1.1ms | Allocations: 8925)


Started GET "/cats/10" for ::1 at 2019-10-02 14:03:36 -0700
Processing by CatsController#show as HTML
  Parameters: {"id"=>"10"}
  [1m[36mCat Load (1.6ms)[0m  [1m[34mSELECT "cats".* FROM "cats" WHERE "cats"."id" = $1 LIMIT $2[0m  [["id", 10], ["LIMIT", 1]]
  ↳ app/controllers/cats_controller.rb:9:in `show'
  Rendering cats/show.html.erb within layouts/application
  Rendered cats/show.html.erb within layouts/application (Duration: 0.6ms | Allocations: 120)
Completed 200 OK in 13ms (Views: 5.7ms | ActiveRecord: 1.6ms | Allocations: 2089)


Started GET "/cats/10" for ::1 at 2019-10-02 14:04:53 -0700
Processing by CatsController#show as HTML
  Parameters: {"id"=>"10"}
  [1m[36mCat Load (1.2ms)[0m  [1m[34mSELECT "cats".* FROM "cats" WHERE "cats"."id" = $1 LIMIT $2[0m  [["id", 10], ["LIMIT", 1]]
  ↳ app/controllers/cats_controller.rb:9:in `show'
  Rendering cats/show.html.erb within layouts/application
  Rendered cats/show.html.erb within layouts/application (Duration: 1.2ms | Allocations: 125)
Completed 200 OK in 13ms (Views: 7.1ms | ActiveRecord: 1.2ms | Allocations: 2099)


Started GET "/cats/10" for ::1 at 2019-10-02 14:06:38 -0700
Processing by CatsController#show as HTML
  Parameters: {"id"=>"10"}
  [1m[36mCat Load (1.0ms)[0m  [1m[34mSELECT "cats".* FROM "cats" WHERE "cats"."id" = $1 LIMIT $2[0m  [["id", 10], ["LIMIT", 1]]
  ↳ app/controllers/cats_controller.rb:9:in `show'
  Rendering cats/show.html.erb within layouts/application
  Rendered cats/show.html.erb within layouts/application (Duration: 0.9ms | Allocations: 161)
Completed 200 OK in 13ms (Views: 7.3ms | ActiveRecord: 1.0ms | Allocations: 2143)


Started GET "/cats/10" for ::1 at 2019-10-02 14:07:45 -0700
Processing by CatsController#show as HTML
  Parameters: {"id"=>"10"}
  [1m[36mCat Load (1.8ms)[0m  [1m[34mSELECT "cats".* FROM "cats" WHERE "cats"."id" = $1 LIMIT $2[0m  [["id", 10], ["LIMIT", 1]]
  ↳ app/controllers/cats_controller.rb:9:in `show'
  Rendering cats/show.html.erb within layouts/application
  Rendered cats/show.html.erb within layouts/application (Duration: 0.7ms | Allocations: 157)
Completed 200 OK in 13ms (Views: 7.1ms | ActiveRecord: 1.8ms | Allocations: 2135)


Started GET "/cats/10" for ::1 at 2019-10-02 14:07:47 -0700
Processing by CatsController#show as HTML
  Parameters: {"id"=>"10"}
  [1m[36mCat Load (2.0ms)[0m  [1m[34mSELECT "cats".* FROM "cats" WHERE "cats"."id" = $1 LIMIT $2[0m  [["id", 10], ["LIMIT", 1]]
  ↳ app/controllers/cats_controller.rb:9:in `show'
  Rendering cats/show.html.erb within layouts/application
  Rendered cats/show.html.erb within layouts/application (Duration: 0.2ms | Allocations: 25)
Completed 200 OK in 9ms (Views: 1.4ms | ActiveRecord: 2.0ms | Allocations: 1108)


Started GET "/cats/10" for ::1 at 2019-10-02 14:07:47 -0700
Processing by CatsController#show as HTML
  Parameters: {"id"=>"10"}
  [1m[36mCat Load (0.5ms)[0m  [1m[34mSELECT "cats".* FROM "cats" WHERE "cats"."id" = $1 LIMIT $2[0m  [["id", 10], ["LIMIT", 1]]
  ↳ app/controllers/cats_controller.rb:9:in `show'
  Rendering cats/show.html.erb within layouts/application
  Rendered cats/show.html.erb within layouts/application (Duration: 0.4ms | Allocations: 25)
Completed 200 OK in 6ms (Views: 1.8ms | ActiveRecord: 0.5ms | Allocations: 1110)


Started GET "/cats/10" for ::1 at 2019-10-02 14:07:59 -0700
Processing by CatsController#show as HTML
  Parameters: {"id"=>"10"}
  [1m[36mCat Load (0.6ms)[0m  [1m[34mSELECT "cats".* FROM "cats" WHERE "cats"."id" = $1 LIMIT $2[0m  [["id", 10], ["LIMIT", 1]]
  ↳ app/controllers/cats_controller.rb:9:in `show'
  Rendering cats/show.html.erb within layouts/application
  Rendered cats/show.html.erb within layouts/application (Duration: 1.0ms | Allocations: 154)
Completed 200 OK in 12ms (Views: 7.6ms | ActiveRecord: 0.6ms | Allocations: 2126)


Started GET "/cats/10" for ::1 at 2019-10-02 14:08:00 -0700
Processing by CatsController#show as HTML
  Parameters: {"id"=>"10"}
  [1m[36mCat Load (0.6ms)[0m  [1m[34mSELECT "cats".* FROM "cats" WHERE "cats"."id" = $1 LIMIT $2[0m  [["id", 10], ["LIMIT", 1]]
  ↳ app/controllers/cats_controller.rb:9:in `show'
  Rendering cats/show.html.erb within layouts/application
  Rendered cats/show.html.erb within layouts/application (Duration: 0.2ms | Allocations: 25)
Completed 200 OK in 5ms (Views: 1.2ms | ActiveRecord: 0.6ms | Allocations: 1112)


Started GET "/cats/10" for ::1 at 2019-10-02 14:08:00 -0700
Processing by CatsController#show as HTML
  Parameters: {"id"=>"10"}
  [1m[36mCat Load (1.1ms)[0m  [1m[34mSELECT "cats".* FROM "cats" WHERE "cats"."id" = $1 LIMIT $2[0m  [["id", 10], ["LIMIT", 1]]
  ↳ app/controllers/cats_controller.rb:9:in `show'
  Rendering cats/show.html.erb within layouts/application
  Rendered cats/show.html.erb within layouts/application (Duration: 0.2ms | Allocations: 25)
Completed 200 OK in 6ms (Views: 1.6ms | ActiveRecord: 1.1ms | Allocations: 1111)


Started GET "/cats/10" for ::1 at 2019-10-02 14:08:28 -0700
Processing by CatsController#show as HTML
  Parameters: {"id"=>"10"}
  [1m[36mCat Load (0.6ms)[0m  [1m[34mSELECT "cats".* FROM "cats" WHERE "cats"."id" = $1 LIMIT $2[0m  [["id", 10], ["LIMIT", 1]]
  ↳ app/controllers/cats_controller.rb:9:in `show'
  Rendering cats/show.html.erb within layouts/application
  Rendered cats/show.html.erb within layouts/application (Duration: 1.6ms | Allocations: 155)
Completed 200 OK in 11ms (Views: 7.1ms | ActiveRecord: 0.6ms | Allocations: 2138)


Started GET "/cats/10" for ::1 at 2019-10-02 14:08:28 -0700
Processing by CatsController#show as HTML
  Parameters: {"id"=>"10"}
  [1m[36mCat Load (0.5ms)[0m  [1m[34mSELECT "cats".* FROM "cats" WHERE "cats"."id" = $1 LIMIT $2[0m  [["id", 10], ["LIMIT", 1]]
  ↳ app/controllers/cats_controller.rb:9:in `show'
  Rendering cats/show.html.erb within layouts/application
  Rendered cats/show.html.erb within layouts/application (Duration: 0.6ms | Allocations: 25)
Completed 200 OK in 7ms (Views: 2.4ms | ActiveRecord: 0.5ms | Allocations: 1114)


Started GET "/cats/10" for ::1 at 2019-10-02 14:08:29 -0700
Processing by CatsController#show as HTML
  Parameters: {"id"=>"10"}
  [1m[36mCat Load (0.4ms)[0m  [1m[34mSELECT "cats".* FROM "cats" WHERE "cats"."id" = $1 LIMIT $2[0m  [["id", 10], ["LIMIT", 1]]
  ↳ app/controllers/cats_controller.rb:9:in `show'
  Rendering cats/show.html.erb within layouts/application
  Rendered cats/show.html.erb within layouts/application (Duration: 0.2ms | Allocations: 25)
Completed 200 OK in 5ms (Views: 1.3ms | ActiveRecord: 0.4ms | Allocations: 1108)


Started GET "/cats/10" for ::1 at 2019-10-02 14:08:30 -0700
Processing by CatsController#show as HTML
  Parameters: {"id"=>"10"}
  [1m[36mCat Load (0.4ms)[0m  [1m[34mSELECT "cats".* FROM "cats" WHERE "cats"."id" = $1 LIMIT $2[0m  [["id", 10], ["LIMIT", 1]]
  ↳ app/controllers/cats_controller.rb:9:in `show'
  Rendering cats/show.html.erb within layouts/application
  Rendered cats/show.html.erb within layouts/application (Duration: 0.2ms | Allocations: 25)
Completed 200 OK in 6ms (Views: 1.3ms | ActiveRecord: 0.4ms | Allocations: 1111)


Started GET "/cats/10" for ::1 at 2019-10-02 14:08:39 -0700
Processing by CatsController#show as HTML
  Parameters: {"id"=>"10"}
  [1m[36mCat Load (0.4ms)[0m  [1m[34mSELECT "cats".* FROM "cats" WHERE "cats"."id" = $1 LIMIT $2[0m  [["id", 10], ["LIMIT", 1]]
  ↳ app/controllers/cats_controller.rb:9:in `show'
  Rendering cats/show.html.erb within layouts/application
  Rendered cats/show.html.erb within layouts/application (Duration: 1.4ms | Allocations: 157)
Completed 200 OK in 13ms (Views: 8.4ms | ActiveRecord: 0.4ms | Allocations: 2137)


Started GET "/cats/10" for ::1 at 2019-10-02 14:09:14 -0700
Processing by CatsController#show as HTML
  Parameters: {"id"=>"10"}
  [1m[36mCat Load (0.6ms)[0m  [1m[34mSELECT "cats".* FROM "cats" WHERE "cats"."id" = $1 LIMIT $2[0m  [["id", 10], ["LIMIT", 1]]
  ↳ app/controllers/cats_controller.rb:9:in `show'
  Rendering cats/show.html.erb within layouts/application
  Rendered cats/show.html.erb within layouts/application (Duration: 1.1ms | Allocations: 155)
Completed 200 OK in 13ms (Views: 7.8ms | ActiveRecord: 0.6ms | Allocations: 2125)


Started GET "/cats/10" for ::1 at 2019-10-02 14:09:19 -0700
Processing by CatsController#show as HTML
  Parameters: {"id"=>"10"}
  [1m[36mCat Load (0.8ms)[0m  [1m[34mSELECT "cats".* FROM "cats" WHERE "cats"."id" = $1 LIMIT $2[0m  [["id", 10], ["LIMIT", 1]]
  ↳ app/controllers/cats_controller.rb:9:in `show'
  Rendering cats/show.html.erb within layouts/application
  Rendered cats/show.html.erb within layouts/application (Duration: 0.8ms | Allocations: 154)
Completed 200 OK in 11ms (Views: 6.3ms | ActiveRecord: 0.8ms | Allocations: 2122)


Started GET "/cats/10" for ::1 at 2019-10-02 14:11:30 -0700
Processing by CatsController#show as HTML
  Parameters: {"id"=>"10"}
  [1m[36mCat Load (0.5ms)[0m  [1m[34mSELECT "cats".* FROM "cats" WHERE "cats"."id" = $1 LIMIT $2[0m  [["id", 10], ["LIMIT", 1]]
  ↳ app/controllers/cats_controller.rb:9:in `show'
  Rendering cats/show.html.erb within layouts/application
  Rendered cats/show.html.erb within layouts/application (Duration: 1.0ms | Allocations: 249)
Completed 200 OK in 11ms (Views: 6.6ms | ActiveRecord: 0.5ms | Allocations: 2222)


Started GET "/cats/10" for ::1 at 2019-10-02 14:12:00 -0700
Processing by CatsController#show as HTML
  Parameters: {"id"=>"10"}
  [1m[36mCat Load (0.5ms)[0m  [1m[34mSELECT "cats".* FROM "cats" WHERE "cats"."id" = $1 LIMIT $2[0m  [["id", 10], ["LIMIT", 1]]
  ↳ app/controllers/cats_controller.rb:9:in `show'
  Rendering cats/show.html.erb within layouts/application
  Rendered cats/show.html.erb within layouts/application (Duration: 1.1ms | Allocations: 237)
Completed 200 OK in 11ms (Views: 7.7ms | ActiveRecord: 0.5ms | Allocations: 2205)


Started GET "/cats/" for ::1 at 2019-10-02 14:13:24 -0700
Processing by CatsController#index as HTML
  Rendering cats/index.html.erb within layouts/application
  [1m[36mCat Load (0.9ms)[0m  [1m[34mSELECT "cats".* FROM "cats"[0m
  ↳ app/views/cats/index.html.erb:4
  Rendered cats/index.html.erb within layouts/application (Duration: 9.3ms | Allocations: 3150)
Completed 500 Internal Server Error in 16ms (ActiveRecord: 0.9ms | Allocations: 4349)



ActionController::UrlGenerationError - No route matches {:action=>"show", :controller=>"cats"}, missing required keys: [:id]:
  app/views/cats/index.html.erb:6
  app/views/cats/index.html.erb:4
  app/controllers/cats_controller.rb:5:in `index'

Started POST "/__better_errors/8b98f6c64eff2b3e/variables" for ::1 at 2019-10-02 14:13:24 -0700
Started GET "/cats/" for ::1 at 2019-10-02 14:16:18 -0700
Processing by CatsController#index as HTML
  Rendering cats/index.html.erb within layouts/application
  [1m[36mCat Load (0.8ms)[0m  [1m[34mSELECT "cats".* FROM "cats"[0m
  ↳ app/views/cats/index.html.erb:4
  Rendered cats/index.html.erb within layouts/application (Duration: 12.9ms | Allocations: 3151)
Completed 500 Internal Server Error in 25ms (ActiveRecord: 0.8ms | Allocations: 4347)



ActionController::UrlGenerationError - No route matches {:action=>"show", :controller=>"cats"}, missing required keys: [:id]:
  app/views/cats/index.html.erb:6
  app/views/cats/index.html.erb:4
  app/controllers/cats_controller.rb:5:in `index'

Started POST "/__better_errors/9d2bebdc39e1d82b/variables" for ::1 at 2019-10-02 14:16:19 -0700
Started GET "/cats/" for ::1 at 2019-10-02 14:16:20 -0700
Processing by CatsController#index as HTML
  Rendering cats/index.html.erb within layouts/application
  [1m[36mCat Load (0.6ms)[0m  [1m[34mSELECT "cats".* FROM "cats"[0m
  ↳ app/views/cats/index.html.erb:4
  Rendered cats/index.html.erb within layouts/application (Duration: 5.4ms | Allocations: 2972)
Completed 500 Internal Server Error in 8ms (ActiveRecord: 0.6ms | Allocations: 3423)



ActionController::UrlGenerationError - No route matches {:action=>"show", :controller=>"cats"}, missing required keys: [:id]:
  app/views/cats/index.html.erb:6
  app/views/cats/index.html.erb:4
  app/controllers/cats_controller.rb:5:in `index'

Started POST "/__better_errors/5f1c54543e26e109/variables" for ::1 at 2019-10-02 14:16:21 -0700
Started GET "/cats/" for ::1 at 2019-10-02 14:17:14 -0700
Processing by CatsController#index as HTML
  Rendering cats/index.html.erb within layouts/application
  [1m[36mCat Load (0.5ms)[0m  [1m[34mSELECT "cats".* FROM "cats"[0m
  ↳ app/views/cats/index.html.erb:4
  Rendered cats/index.html.erb within layouts/application (Duration: 4.5ms | Allocations: 961)
Completed 200 OK in 14ms (Views: 12.0ms | ActiveRecord: 0.5ms | Allocations: 2393)


Started GET "/cats/10" for ::1 at 2019-10-02 14:17:17 -0700
Processing by CatsController#show as HTML
  Parameters: {"id"=>"10"}
  [1m[36mCat Load (0.5ms)[0m  [1m[34mSELECT "cats".* FROM "cats" WHERE "cats"."id" = $1 LIMIT $2[0m  [["id", 10], ["LIMIT", 1]]
  ↳ app/controllers/cats_controller.rb:9:in `show'
  Rendering cats/show.html.erb within layouts/application
  Rendered cats/show.html.erb within layouts/application (Duration: 1.5ms | Allocations: 246)
Completed 200 OK in 8ms (Views: 4.2ms | ActiveRecord: 0.5ms | Allocations: 1474)


Started GET "/cats/11" for ::1 at 2019-10-02 14:17:19 -0700
Processing by CatsController#show as HTML
  Parameters: {"id"=>"11"}
  [1m[36mCat Load (0.4ms)[0m  [1m[34mSELECT "cats".* FROM "cats" WHERE "cats"."id" = $1 LIMIT $2[0m  [["id", 11], ["LIMIT", 1]]
  ↳ app/controllers/cats_controller.rb:9:in `show'
  Rendering cats/show.html.erb within layouts/application
  Rendered cats/show.html.erb within layouts/application (Duration: 0.1ms | Allocations: 37)
Completed 200 OK in 4ms (Views: 1.2ms | ActiveRecord: 0.4ms | Allocations: 1127)


Started GET "/cats/12" for ::1 at 2019-10-02 14:17:24 -0700
Processing by CatsController#show as HTML
  Parameters: {"id"=>"12"}
  [1m[36mCat Load (1.2ms)[0m  [1m[34mSELECT "cats".* FROM "cats" WHERE "cats"."id" = $1 LIMIT $2[0m  [["id", 12], ["LIMIT", 1]]
  ↳ app/controllers/cats_controller.rb:9:in `show'
  Rendering cats/show.html.erb within layouts/application
  Rendered cats/show.html.erb within layouts/application (Duration: 0.2ms | Allocations: 37)
Completed 200 OK in 8ms (Views: 2.2ms | ActiveRecord: 1.2ms | Allocations: 1118)


Started GET "/cats/" for ::1 at 2019-10-02 14:41:04 -0700
Processing by CatsController#index as HTML
  Rendering cats/index.html.erb within layouts/application
  [1m[36mCat Load (2.8ms)[0m  [1m[34mSELECT "cats".* FROM "cats"[0m
  ↳ app/views/cats/index.html.erb:4
  Rendered cats/index.html.erb within layouts/application (Duration: 41.3ms | Allocations: 6331)
Completed 200 OK in 58ms (Views: 47.1ms | ActiveRecord: 2.8ms | Allocations: 8471)


Started GET "/cats/new" for ::1 at 2019-10-02 14:41:08 -0700
Processing by CatsController#new as HTML
  Rendering cats/new.html.erb within layouts/application
  Rendered cats/new.html.erb within layouts/application (Duration: 0.7ms | Allocations: 278)
Completed 200 OK in 3ms (Views: 2.2ms | ActiveRecord: 0.0ms | Allocations: 947)


Started GET "/cats/new" for ::1 at 2019-10-02 14:43:01 -0700
Processing by CatsController#new as HTML
  Rendering cats/new.html.erb within layouts/application
  Rendered cats/new.html.erb within layouts/application (Duration: 1.9ms | Allocations: 271)
Completed 200 OK in 14ms (Views: 12.6ms | ActiveRecord: 0.0ms | Allocations: 1689)


Started GET "/cats/new" for ::1 at 2019-10-02 15:03:03 -0700
Processing by CatsController#new as HTML
  Rendering cats/new.html.erb within layouts/application
  Rendered cats/new.html.erb within layouts/application (Duration: 4.6ms | Allocations: 957)
Completed 200 OK in 12ms (Views: 10.5ms | ActiveRecord: 0.0ms | Allocations: 2385)


Started GET "/cats/new" for ::1 at 2019-10-02 15:05:04 -0700
Processing by CatsController#new as HTML
  Rendering cats/new.html.erb within layouts/application
  Rendered cats/new.html.erb within layouts/application (Duration: 3.6ms | Allocations: 275)
Completed 200 OK in 67ms (Views: 52.5ms | ActiveRecord: 0.0ms | Allocations: 1691)


Started GET "/cats/new" for ::1 at 2019-10-02 15:05:06 -0700
Processing by CatsController#new as HTML
  Rendering cats/new.html.erb within layouts/application
  Rendered cats/new.html.erb within layouts/application (Duration: 0.3ms | Allocations: 77)
Completed 200 OK in 5ms (Views: 3.3ms | ActiveRecord: 0.0ms | Allocations: 601)


Started GET "/cats/new" for ::1 at 2019-10-02 15:05:06 -0700
Processing by CatsController#new as HTML
  Rendering cats/new.html.erb within layouts/application
  Rendered cats/new.html.erb within layouts/application (Duration: 0.3ms | Allocations: 73)
Completed 200 OK in 3ms (Views: 1.9ms | ActiveRecord: 0.0ms | Allocations: 603)


Started GET "/cats/new" for ::1 at 2019-10-02 15:08:44 -0700
Processing by CatsController#new as HTML
  Rendering cats/new.html.erb within layouts/application
  Rendered cats/new.html.erb within layouts/application (Duration: 27.8ms | Allocations: 974)
Completed 200 OK in 39ms (Views: 36.6ms | ActiveRecord: 0.0ms | Allocations: 2405)


Started GET "/cats/new" for ::1 at 2019-10-02 15:09:48 -0700
Processing by CatsController#new as HTML
  Rendering cats/new.html.erb within layouts/application
  Rendered cats/new.html.erb within layouts/application (Duration: 1.3ms | Allocations: 300)
Completed 200 OK in 7ms (Views: 6.1ms | ActiveRecord: 0.0ms | Allocations: 1720)


Started GET "/cats/new" for ::1 at 2019-10-02 15:10:12 -0700
Processing by CatsController#new as HTML
  Rendering cats/new.html.erb within layouts/application
  Rendered cats/new.html.erb within layouts/application (Duration: 1.2ms | Allocations: 300)
Completed 200 OK in 10ms (Views: 7.9ms | ActiveRecord: 0.0ms | Allocations: 1716)


Started GET "/cats/new" for ::1 at 2019-10-02 15:10:22 -0700
Processing by CatsController#new as HTML
  Rendering cats/new.html.erb within layouts/application
  Rendered cats/new.html.erb within layouts/application (Duration: 1.1ms | Allocations: 297)
Completed 200 OK in 8ms (Views: 6.7ms | ActiveRecord: 0.0ms | Allocations: 1709)


Started GET "/cats/new" for ::1 at 2019-10-02 15:11:40 -0700
Processing by CatsController#new as HTML
  Rendering cats/new.html.erb within layouts/application
  Rendered cats/new.html.erb within layouts/application (Duration: 2.2ms | Allocations: 307)
Completed 200 OK in 11ms (Views: 9.8ms | ActiveRecord: 0.0ms | Allocations: 1723)


Started GET "/cats/new" for ::1 at 2019-10-02 15:12:33 -0700
Processing by CatsController#new as HTML
  Rendering cats/new.html.erb within layouts/application
  Rendered cats/new.html.erb within layouts/application (Duration: 3.9ms | Allocations: 304)
Completed 200 OK in 16ms (Views: 14.7ms | ActiveRecord: 0.0ms | Allocations: 1713)


Started GET "/cats/new" for ::1 at 2019-10-02 15:12:40 -0700
Processing by CatsController#new as HTML
  Rendering cats/new.html.erb within layouts/application
  Rendered cats/new.html.erb within layouts/application (Duration: 1.4ms | Allocations: 304)
Completed 200 OK in 11ms (Views: 8.9ms | ActiveRecord: 0.0ms | Allocations: 1715)


Started GET "/cats/new" for ::1 at 2019-10-02 15:13:04 -0700
Processing by CatsController#new as HTML
  Rendering cats/new.html.erb within layouts/application
  Rendered cats/new.html.erb within layouts/application (Duration: 1.0ms | Allocations: 311)
Completed 200 OK in 9ms (Views: 7.0ms | ActiveRecord: 0.0ms | Allocations: 1730)


Started GET "/cats/new" for ::1 at 2019-10-02 15:13:29 -0700
Processing by CatsController#new as HTML
  Rendering cats/new.html.erb within layouts/application
  Rendered cats/new.html.erb within layouts/application (Duration: 1.1ms | Allocations: 304)
Completed 200 OK in 7ms (Views: 6.0ms | ActiveRecord: 0.0ms | Allocations: 1711)


Started GET "/cats/new" for ::1 at 2019-10-02 15:18:33 -0700
Processing by CatsController#new as HTML
  Rendering cats/new.html.erb within layouts/application
  Rendered cats/new.html.erb within layouts/application (Duration: 5.8ms | Allocations: 985)
Completed 200 OK in 12ms (Views: 10.2ms | ActiveRecord: 0.0ms | Allocations: 2408)


Started GET "/cats/new?cat%5Bname%5D=Whiskers&cat%5Bsex%5D=M&cat%5Bcolor%5D=yellow&cat%5Bbirth_date%5D=2018-03-24&cat%5Bdescription%5D=Best+cat+ever%21%21%21" for ::1 at 2019-10-02 15:19:12 -0700
Processing by CatsController#new as HTML
  Parameters: {"cat"=>{"name"=>"Whiskers", "sex"=>"M", "color"=>"yellow", "birth_date"=>"2018-03-24", "description"=>"Best cat ever!!!"}}
  Rendering cats/new.html.erb within layouts/application
  Rendered cats/new.html.erb within layouts/application (Duration: 0.5ms | Allocations: 80)
Completed 200 OK in 5ms (Views: 3.6ms | ActiveRecord: 0.0ms | Allocations: 604)


Started GET "/cats/" for ::1 at 2019-10-02 15:19:35 -0700
Processing by CatsController#index as HTML
  Rendering cats/index.html.erb within layouts/application
  [1m[36mCat Load (7.8ms)[0m  [1m[34mSELECT "cats".* FROM "cats"[0m
  ↳ app/views/cats/index.html.erb:4
  Rendered cats/index.html.erb within layouts/application (Duration: 65.1ms | Allocations: 6642)
Completed 200 OK in 69ms (Views: 28.8ms | ActiveRecord: 38.7ms | Allocations: 7365)


Started GET "/cats/new" for ::1 at 2019-10-02 15:20:16 -0700
Processing by CatsController#new as HTML
  Rendering cats/new.html.erb within layouts/application
  Rendered cats/new.html.erb within layouts/application (Duration: 3.5ms | Allocations: 758)
Completed 200 OK in 5ms (Views: 4.7ms | ActiveRecord: 0.0ms | Allocations: 1447)


Started GET "/cats/new?cat%5Bname%5D=Whiskers&cat%5Bsex%5D=M&cat%5Bcolor%5D=yellow&cat%5Bbirth_date%5D=2019-09-01&cat%5Bdescription%5D=Best+cat+ever" for ::1 at 2019-10-02 15:20:35 -0700
Processing by CatsController#new as HTML
  Parameters: {"cat"=>{"name"=>"Whiskers", "sex"=>"M", "color"=>"yellow", "birth_date"=>"2019-09-01", "description"=>"Best cat ever"}}
  Rendering cats/new.html.erb within layouts/application
  Rendered cats/new.html.erb within layouts/application (Duration: 0.5ms | Allocations: 76)
Completed 200 OK in 3ms (Views: 2.2ms | ActiveRecord: 0.0ms | Allocations: 604)


Started GET "/cats/new?cat%5Bname%5D=Whiskers&cat%5Bsex%5D=M&cat%5Bcolor%5D=yellow&cat%5Bbirth_date%5D=2019-09-01&cat%5Bdescription%5D=Best+cat+ever" for ::1 at 2019-10-02 15:23:09 -0700
Processing by CatsController#new as HTML
  Parameters: {"cat"=>{"name"=>"Whiskers", "sex"=>"M", "color"=>"yellow", "birth_date"=>"2019-09-01", "description"=>"Best cat ever"}}
  Rendering cats/new.html.erb within layouts/application
  Rendered cats/new.html.erb within layouts/application (Duration: 1.3ms | Allocations: 309)
Completed 200 OK in 8ms (Views: 6.9ms | ActiveRecord: 0.0ms | Allocations: 1726)


Started GET "/cats/new?cat%5Bname%5D=Whiskers&cat%5Bsex%5D=M&cat%5Bcolor%5D=yellow&cat%5Bbirth_date%5D=2019-09-01&cat%5Bdescription%5D=Best+cat+ever" for ::1 at 2019-10-02 15:23:11 -0700
Processing by CatsController#new as HTML
  Parameters: {"cat"=>{"name"=>"Whiskers", "sex"=>"M", "color"=>"yellow", "birth_date"=>"2019-09-01", "description"=>"Best cat ever"}}
  Rendering cats/new.html.erb within layouts/application
  Rendered cats/new.html.erb within layouts/application (Duration: 0.4ms | Allocations: 80)
Completed 200 OK in 3ms (Views: 1.7ms | ActiveRecord: 0.0ms | Allocations: 608)


Started GET "/cats/new" for ::1 at 2019-10-02 15:23:21 -0700
Processing by CatsController#new as HTML
  Rendering cats/new.html.erb within layouts/application
  Rendered cats/new.html.erb within layouts/application (Duration: 0.3ms | Allocations: 76)
Completed 200 OK in 2ms (Views: 1.3ms | ActiveRecord: 0.0ms | Allocations: 602)


Started POST "/cats/new" for ::1 at 2019-10-02 15:23:37 -0700
  
ActionController::RoutingError (No route matches [POST] "/cats/new"):
  
actionpack (6.0.0) lib/action_dispatch/middleware/debug_exceptions.rb:36:in `call'
web-console (4.0.1) lib/web_console/middleware.rb:132:in `call_app'
web-console (4.0.1) lib/web_console/middleware.rb:28:in `block in call'
web-console (4.0.1) lib/web_console/middleware.rb:17:in `catch'
web-console (4.0.1) lib/web_console/middleware.rb:17:in `call'
actionpack (6.0.0) lib/action_dispatch/middleware/show_exceptions.rb:33:in `call'
railties (6.0.0) lib/rails/rack/logger.rb:38:in `call_app'
railties (6.0.0) lib/rails/rack/logger.rb:26:in `block in call'
activesupport (6.0.0) lib/active_support/tagged_logging.rb:80:in `block in tagged'
activesupport (6.0.0) lib/active_support/tagged_logging.rb:28:in `tagged'
activesupport (6.0.0) lib/active_support/tagged_logging.rb:80:in `tagged'
railties (6.0.0) lib/rails/rack/logger.rb:26:in `call'
sprockets-rails (3.2.1) lib/sprockets/rails/quiet_assets.rb:13:in `call'
actionpack (6.0.0) lib/action_dispatch/middleware/remote_ip.rb:81:in `call'
actionpack (6.0.0) lib/action_dispatch/middleware/request_id.rb:27:in `call'
rack (2.0.7) lib/rack/method_override.rb:22:in `call'
rack (2.0.7) lib/rack/runtime.rb:22:in `call'
activesupport (6.0.0) lib/active_support/cache/strategy/local_cache_middleware.rb:29:in `call'
actionpack (6.0.0) lib/action_dispatch/middleware/executor.rb:14:in `call'
actionpack (6.0.0) lib/action_dispatch/middleware/static.rb:126:in `call'
rack (2.0.7) lib/rack/sendfile.rb:111:in `call'
actionpack (6.0.0) lib/action_dispatch/middleware/host_authorization.rb:83:in `call'
railties (6.0.0) lib/rails/engine.rb:526:in `call'
puma (3.12.1) lib/puma/configuration.rb:227:in `call'
puma (3.12.1) lib/puma/server.rb:660:in `handle_request'
puma (3.12.1) lib/puma/server.rb:474:in `process_client'
puma (3.12.1) lib/puma/server.rb:334:in `block in run'
puma (3.12.1) lib/puma/thread_pool.rb:135:in `block in spawn_thread'
Started GET "/cats/new" for ::1 at 2019-10-02 15:25:21 -0700
Processing by CatsController#new as HTML
  Rendering cats/new.html.erb within layouts/application
  Rendered cats/new.html.erb within layouts/application (Duration: 4.3ms | Allocations: 985)
Completed 200 OK in 11ms (Views: 9.8ms | ActiveRecord: 0.0ms | Allocations: 2413)


Started POST "/cats/new" for ::1 at 2019-10-02 15:25:34 -0700
  
ActionController::RoutingError (No route matches [POST] "/cats/new"):
  
actionpack (6.0.0) lib/action_dispatch/middleware/debug_exceptions.rb:36:in `call'
web-console (4.0.1) lib/web_console/middleware.rb:132:in `call_app'
web-console (4.0.1) lib/web_console/middleware.rb:28:in `block in call'
web-console (4.0.1) lib/web_console/middleware.rb:17:in `catch'
web-console (4.0.1) lib/web_console/middleware.rb:17:in `call'
actionpack (6.0.0) lib/action_dispatch/middleware/show_exceptions.rb:33:in `call'
railties (6.0.0) lib/rails/rack/logger.rb:38:in `call_app'
railties (6.0.0) lib/rails/rack/logger.rb:26:in `block in call'
activesupport (6.0.0) lib/active_support/tagged_logging.rb:80:in `block in tagged'
activesupport (6.0.0) lib/active_support/tagged_logging.rb:28:in `tagged'
activesupport (6.0.0) lib/active_support/tagged_logging.rb:80:in `tagged'
railties (6.0.0) lib/rails/rack/logger.rb:26:in `call'
sprockets-rails (3.2.1) lib/sprockets/rails/quiet_assets.rb:13:in `call'
actionpack (6.0.0) lib/action_dispatch/middleware/remote_ip.rb:81:in `call'
actionpack (6.0.0) lib/action_dispatch/middleware/request_id.rb:27:in `call'
rack (2.0.7) lib/rack/method_override.rb:22:in `call'
rack (2.0.7) lib/rack/runtime.rb:22:in `call'
activesupport (6.0.0) lib/active_support/cache/strategy/local_cache_middleware.rb:29:in `call'
actionpack (6.0.0) lib/action_dispatch/middleware/executor.rb:14:in `call'
actionpack (6.0.0) lib/action_dispatch/middleware/static.rb:126:in `call'
rack (2.0.7) lib/rack/sendfile.rb:111:in `call'
actionpack (6.0.0) lib/action_dispatch/middleware/host_authorization.rb:83:in `call'
railties (6.0.0) lib/rails/engine.rb:526:in `call'
puma (3.12.1) lib/puma/configuration.rb:227:in `call'
puma (3.12.1) lib/puma/server.rb:660:in `handle_request'
puma (3.12.1) lib/puma/server.rb:474:in `process_client'
puma (3.12.1) lib/puma/server.rb:334:in `block in run'
puma (3.12.1) lib/puma/thread_pool.rb:135:in `block in spawn_thread'
Started GET "/cats/new" for ::1 at 2019-10-02 15:26:02 -0700
Processing by CatsController#new as HTML
  Rendering cats/new.html.erb within layouts/application
  Rendered cats/new.html.erb within layouts/application (Duration: 2.9ms | Allocations: 303)
Completed 200 OK in 9ms (Views: 8.2ms | ActiveRecord: 0.0ms | Allocations: 1718)


Started POST "/cats" for ::1 at 2019-10-02 15:26:15 -0700
Processing by CatsController#create as HTML
  Parameters: {"cat"=>{"name"=>"Whiskers", "sex"=>"M", "color"=>"yellow", "birth_date"=>"2019-08-13", "description"=>"Best cat everrr"}}
Can't verify CSRF token authenticity.
Completed 422 Unprocessable Entity in 1ms (ActiveRecord: 0.0ms | Allocations: 954)



ActionController::InvalidAuthenticityToken - ActionController::InvalidAuthenticityToken:

Started POST "/__better_errors/471b9f6f2150d273/variables" for ::1 at 2019-10-02 15:26:15 -0700
Started GET "/cats/new" for ::1 at 2019-10-02 15:35:15 -0700
Processing by CatsController#new as HTML
  Rendering cats/new.html.erb within layouts/application
  Rendered cats/new.html.erb within layouts/application (Duration: 4.2ms | Allocations: 756)
Completed 200 OK in 10ms (Views: 8.2ms | ActiveRecord: 0.0ms | Allocations: 1445)


Started POST "/cats" for ::1 at 2019-10-02 15:35:32 -0700
Processing by CatsController#create as HTML
  Parameters: {"cat"=>{"name"=>"Whiskers", "sex"=>"M", "color"=>"yellow", "birth_date"=>"2019-07-18", "description"=>"Best cat everrr"}}
Can't verify CSRF token authenticity.
Completed 422 Unprocessable Entity in 3ms (ActiveRecord: 0.0ms | Allocations: 947)



ActionController::InvalidAuthenticityToken - ActionController::InvalidAuthenticityToken:

Started POST "/__better_errors/ecb0007b580b69c3/variables" for ::1 at 2019-10-02 15:35:33 -0700
Started GET "/cats/new" for ::1 at 2019-10-02 15:37:36 -0700
Processing by CatsController#new as HTML
  Rendering cats/new.html.erb within layouts/application
  Rendered cats/new.html.erb within layouts/application (Duration: 0.6ms | Allocations: 76)
Completed 200 OK in 5ms (Views: 2.0ms | ActiveRecord: 0.0ms | Allocations: 605)


Started POST "/cats" for ::1 at 2019-10-02 15:37:56 -0700
Processing by CatsController#create as HTML
  Parameters: {"cat"=>{"name"=>"Whiskers", "sex"=>"M", "color"=>"yellow", "birth_date"=>"2019-07-19", "description"=>"Best cat everrr"}}
Can't verify CSRF token authenticity.
Completed 422 Unprocessable Entity in 1ms (ActiveRecord: 0.0ms | Allocations: 911)



ActionController::InvalidAuthenticityToken - ActionController::InvalidAuthenticityToken:

Started POST "/__better_errors/2bb3179ee8744812/variables" for ::1 at 2019-10-02 15:37:57 -0700
Started GET "/cats/new" for ::1 at 2019-10-02 15:38:29 -0700
  [1m[35m (2.1ms)[0m  [1m[34mSELECT "schema_migrations"."version" FROM "schema_migrations" ORDER BY "schema_migrations"."version" ASC[0m
Processing by CatsController#new as HTML
  Rendering cats/new.html.erb within layouts/application
  Rendered cats/new.html.erb within layouts/application (Duration: 7.4ms | Allocations: 1302)
Completed 200 OK in 37ms (Views: 23.9ms | ActiveRecord: 0.0ms | Allocations: 4299)


Started POST "/cats" for ::1 at 2019-10-02 15:38:46 -0700
Processing by CatsController#create as HTML
  Parameters: {"cat"=>{"name"=>"Whiskers", "sex"=>"M", "color"=>"yellow", "birth_date"=>"2019-06-13", "description"=>"Best cat ever!!"}}
  [1m[35m (0.7ms)[0m  [1m[35mBEGIN[0m
  ↳ app/controllers/cats_controller.rb:20:in `create'
  [1m[36mCat Create (2.7ms)[0m  [1m[32mINSERT INTO "cats" ("birth_date", "color", "name", "sex", "description", "created_at", "updated_at") VALUES ($1, $2, $3, $4, $5, $6, $7) RETURNING "id"[0m  [["birth_date", "2019-06-13"], ["color", "yellow"], ["name", "Whiskers"], ["sex", "M"], ["description", "Best cat ever!!"], ["created_at", "2019-10-02 22:38:46.669603"], ["updated_at", "2019-10-02 22:38:46.669603"]]
  ↳ app/controllers/cats_controller.rb:20:in `create'
  [1m[35m (1.4ms)[0m  [1m[35mCOMMIT[0m
  ↳ app/controllers/cats_controller.rb:20:in `create'
Redirected to http://localhost:3000/cats.13
Completed 302 Found in 51ms (ActiveRecord: 21.1ms | Allocations: 8893)


Started GET "/cats.13" for ::1 at 2019-10-02 15:38:46 -0700
Processing by CatsController#index as 
  Rendering cats/index.html.erb within layouts/application
  [1m[36mCat Load (2.0ms)[0m  [1m[34mSELECT "cats".* FROM "cats"[0m
  ↳ app/views/cats/index.html.erb:4
  Rendered cats/index.html.erb within layouts/application (Duration: 7.4ms | Allocations: 1105)
Completed 200 OK in 11ms (Views: 8.0ms | ActiveRecord: 2.0ms | Allocations: 1816)


Started GET "/cats/13" for ::1 at 2019-10-02 15:38:54 -0700
Processing by CatsController#show as HTML
  Parameters: {"id"=>"13"}
  [1m[36mCat Load (0.4ms)[0m  [1m[34mSELECT "cats".* FROM "cats" WHERE "cats"."id" = $1 LIMIT $2[0m  [["id", 13], ["LIMIT", 1]]
  ↳ app/controllers/cats_controller.rb:9:in `show'
  Rendering cats/show.html.erb within layouts/application
  Rendered cats/show.html.erb within layouts/application (Duration: 2.3ms | Allocations: 249)
Completed 200 OK in 25ms (Views: 4.6ms | ActiveRecord: 0.7ms | Allocations: 7037)


Started GET "/cats/new" for ::1 at 2019-10-02 15:39:40 -0700
Processing by CatsController#new as HTML
  Rendering cats/new.html.erb within layouts/application
  Rendered cats/new.html.erb within layouts/application (Duration: 3.7ms | Allocations: 760)
Completed 200 OK in 7ms (Views: 5.4ms | ActiveRecord: 0.0ms | Allocations: 1432)


Started POST "/cats" for ::1 at 2019-10-02 15:40:23 -0700
Processing by CatsController#create as HTML
  Parameters: {"cat"=>{"name"=>"Martin", "sex"=>"M", "color"=>"orange", "birth_date"=>"2019-04-24", "description"=>"It's just Martin"}}
  [1m[35m (1.1ms)[0m  [1m[35mBEGIN[0m
  ↳ app/controllers/cats_controller.rb:20:in `create'
  [1m[36mCat Create (0.8ms)[0m  [1m[32mINSERT INTO "cats" ("birth_date", "color", "name", "sex", "description", "created_at", "updated_at") VALUES ($1, $2, $3, $4, $5, $6, $7) RETURNING "id"[0m  [["birth_date", "2019-04-24"], ["color", "orange"], ["name", "Martin"], ["sex", "M"], ["description", "It's just Martin"], ["created_at", "2019-10-02 22:40:23.105754"], ["updated_at", "2019-10-02 22:40:23.105754"]]
  ↳ app/controllers/cats_controller.rb:20:in `create'
  [1m[35m (0.7ms)[0m  [1m[35mCOMMIT[0m
  ↳ app/controllers/cats_controller.rb:20:in `create'
Redirected to http://localhost:3000/cats.14
Completed 302 Found in 44ms (ActiveRecord: 12.3ms | Allocations: 8165)


Started GET "/cats.14" for ::1 at 2019-10-02 15:40:23 -0700
Processing by CatsController#index as 
  Rendering cats/index.html.erb within layouts/application
  [1m[36mCat Load (0.7ms)[0m  [1m[34mSELECT "cats".* FROM "cats"[0m
  ↳ app/views/cats/index.html.erb:4
  Rendered cats/index.html.erb within layouts/application (Duration: 5.3ms | Allocations: 895)
Completed 200 OK in 8ms (Views: 6.2ms | ActiveRecord: 0.7ms | Allocations: 1418)


Started GET "/cats/new" for ::1 at 2019-10-02 15:40:57 -0700
Processing by CatsController#new as HTML
  Rendering cats/new.html.erb within layouts/application
  Rendered cats/new.html.erb within layouts/application (Duration: 4.8ms | Allocations: 759)
Completed 200 OK in 7ms (Views: 6.1ms | ActiveRecord: 0.0ms | Allocations: 1430)


Started POST "/cats" for ::1 at 2019-10-02 15:41:27 -0700
Processing by CatsController#create as HTML
  Parameters: {"cat"=>{"name"=>"AnotherCat", "sex"=>"F", "color"=>"green", "birth_date"=>"2018-03-14", "description"=>"Another cat has arrived"}}
  [1m[35m (0.4ms)[0m  [1m[35mBEGIN[0m
  ↳ app/controllers/cats_controller.rb:20:in `create'
  [1m[36mCat Create (3.8ms)[0m  [1m[32mINSERT INTO "cats" ("birth_date", "color", "name", "sex", "description", "created_at", "updated_at") VALUES ($1, $2, $3, $4, $5, $6, $7) RETURNING "id"[0m  [["birth_date", "2018-03-14"], ["color", "green"], ["name", "AnotherCat"], ["sex", "F"], ["description", "Another cat has arrived"], ["created_at", "2019-10-02 22:41:27.313598"], ["updated_at", "2019-10-02 22:41:27.313598"]]
  ↳ app/controllers/cats_controller.rb:20:in `create'
  [1m[35m (0.7ms)[0m  [1m[35mCOMMIT[0m
  ↳ app/controllers/cats_controller.rb:20:in `create'
Redirected to http://localhost:3000/cats/15
Completed 302 Found in 55ms (ActiveRecord: 17.5ms | Allocations: 8133)


Started GET "/cats/15" for ::1 at 2019-10-02 15:41:27 -0700
Processing by CatsController#show as HTML
  Parameters: {"id"=>"15"}
  [1m[36mCat Load (0.5ms)[0m  [1m[34mSELECT "cats".* FROM "cats" WHERE "cats"."id" = $1 LIMIT $2[0m  [["id", 15], ["LIMIT", 1]]
  ↳ app/controllers/cats_controller.rb:9:in `show'
  Rendering cats/show.html.erb within layouts/application
  Rendered cats/show.html.erb within layouts/application (Duration: 1.1ms | Allocations: 38)
Completed 200 OK in 8ms (Views: 3.3ms | ActiveRecord: 0.5ms | Allocations: 1230)


Started GET "/cats/" for ::1 at 2019-10-02 15:42:01 -0700
Processing by CatsController#index as HTML
  Rendering cats/index.html.erb within layouts/application
  [1m[36mCat Load (0.7ms)[0m  [1m[34mSELECT "cats".* FROM "cats"[0m
  ↳ app/views/cats/index.html.erb:4
  Rendered cats/index.html.erb within layouts/application (Duration: 3.4ms | Allocations: 929)
Completed 200 OK in 7ms (Views: 5.2ms | ActiveRecord: 0.7ms | Allocations: 1557)


Started GET "/cats/10/edit" for ::1 at 2019-10-02 16:00:11 -0700
Processing by CatsController#edit as HTML
  Parameters: {"id"=>"10"}
  [1m[36mCat Load (0.8ms)[0m  [1m[34mSELECT "cats".* FROM "cats" WHERE "cats"."id" = $1 LIMIT $2[0m  [["id", 10], ["LIMIT", 1]]
  ↳ app/controllers/cats_controller.rb:28:in `edit'
  Rendering cats/edit.html.erb within layouts/application
  Rendered cats/edit.html.erb within layouts/application (Duration: 1.3ms | Allocations: 404)
Completed 200 OK in 26ms (Views: 6.0ms | ActiveRecord: 1.2ms | Allocations: 8586)


Started GET "/cats/10/edit" for ::1 at 2019-10-02 16:00:30 -0700
Processing by CatsController#edit as HTML
  Parameters: {"id"=>"10"}
  [1m[36mCat Load (0.7ms)[0m  [1m[34mSELECT "cats".* FROM "cats" WHERE "cats"."id" = $1 LIMIT $2[0m  [["id", 10], ["LIMIT", 1]]
  ↳ app/controllers/cats_controller.rb:28:in `edit'
  Rendering cats/edit.html.erb within layouts/application
  Rendered cats/edit.html.erb within layouts/application (Duration: 14.9ms | Allocations: 396)
Completed 200 OK in 29ms (Views: 24.2ms | ActiveRecord: 0.7ms | Allocations: 2359)


Started GET "/cats/10/edit" for ::1 at 2019-10-02 16:00:31 -0700
Processing by CatsController#edit as HTML
  Parameters: {"id"=>"10"}
  [1m[36mCat Load (0.6ms)[0m  [1m[34mSELECT "cats".* FROM "cats" WHERE "cats"."id" = $1 LIMIT $2[0m  [["id", 10], ["LIMIT", 1]]
  ↳ app/controllers/cats_controller.rb:28:in `edit'
  Rendering cats/edit.html.erb within layouts/application
  Rendered cats/edit.html.erb within layouts/application (Duration: 0.4ms | Allocations: 86)
Completed 200 OK in 5ms (Views: 1.6ms | ActiveRecord: 0.6ms | Allocations: 1152)


Started GET "/cats/10/edit" for ::1 at 2019-10-02 16:00:32 -0700
Processing by CatsController#edit as HTML
  Parameters: {"id"=>"10"}
  [1m[36mCat Load (0.6ms)[0m  [1m[34mSELECT "cats".* FROM "cats" WHERE "cats"."id" = $1 LIMIT $2[0m  [["id", 10], ["LIMIT", 1]]
  ↳ app/controllers/cats_controller.rb:28:in `edit'
  Rendering cats/edit.html.erb within layouts/application
  Rendered cats/edit.html.erb within layouts/application (Duration: 0.4ms | Allocations: 82)
Completed 200 OK in 7ms (Views: 1.8ms | ActiveRecord: 0.6ms | Allocations: 1157)


Started GET "/cats/10/edit" for ::1 at 2019-10-02 16:00:33 -0700
Processing by CatsController#edit as HTML
  Parameters: {"id"=>"10"}
  [1m[36mCat Load (0.7ms)[0m  [1m[34mSELECT "cats".* FROM "cats" WHERE "cats"."id" = $1 LIMIT $2[0m  [["id", 10], ["LIMIT", 1]]
  ↳ app/controllers/cats_controller.rb:28:in `edit'
  Rendering cats/edit.html.erb within layouts/application
  Rendered cats/edit.html.erb within layouts/application (Duration: 0.4ms | Allocations: 82)
Completed 200 OK in 4ms (Views: 1.3ms | ActiveRecord: 0.7ms | Allocations: 1151)


Started GET "/cats/10/edit" for ::1 at 2019-10-02 16:00:37 -0700
Processing by CatsController#edit as HTML
  Parameters: {"id"=>"10"}
  [1m[36mCat Load (0.6ms)[0m  [1m[34mSELECT "cats".* FROM "cats" WHERE "cats"."id" = $1 LIMIT $2[0m  [["id", 10], ["LIMIT", 1]]
  ↳ app/controllers/cats_controller.rb:28:in `edit'
  Rendering cats/edit.html.erb within layouts/application
  Rendered cats/edit.html.erb within layouts/application (Duration: 1.7ms | Allocations: 387)
Completed 200 OK in 14ms (Views: 8.4ms | ActiveRecord: 0.6ms | Allocations: 2348)


Started GET "/cats/10/edit" for ::1 at 2019-10-02 16:01:19 -0700
Processing by CatsController#edit as HTML
  Parameters: {"id"=>"10"}
  [1m[36mCat Load (0.4ms)[0m  [1m[34mSELECT "cats".* FROM "cats" WHERE "cats"."id" = $1 LIMIT $2[0m  [["id", 10], ["LIMIT", 1]]
  ↳ app/controllers/cats_controller.rb:28:in `edit'
  Rendering cats/edit.html.erb within layouts/application
  Rendered cats/edit.html.erb within layouts/application (Duration: 1.6ms | Allocations: 389)
Completed 200 OK in 10ms (Views: 6.6ms | ActiveRecord: 0.4ms | Allocations: 2344)


Started GET "/cats/10/edit" for ::1 at 2019-10-02 16:01:20 -0700
Processing by CatsController#edit as HTML
  Parameters: {"id"=>"10"}
  [1m[36mCat Load (0.6ms)[0m  [1m[34mSELECT "cats".* FROM "cats" WHERE "cats"."id" = $1 LIMIT $2[0m  [["id", 10], ["LIMIT", 1]]
  ↳ app/controllers/cats_controller.rb:28:in `edit'
  Rendering cats/edit.html.erb within layouts/application
  Rendered cats/edit.html.erb within layouts/application (Duration: 0.5ms | Allocations: 86)
Completed 200 OK in 8ms (Views: 2.7ms | ActiveRecord: 0.6ms | Allocations: 1155)


Started GET "/cats/11/edit" for ::1 at 2019-10-02 16:01:27 -0700
Processing by CatsController#edit as HTML
  Parameters: {"id"=>"11"}
  [1m[36mCat Load (0.4ms)[0m  [1m[34mSELECT "cats".* FROM "cats" WHERE "cats"."id" = $1 LIMIT $2[0m  [["id", 11], ["LIMIT", 1]]
  ↳ app/controllers/cats_controller.rb:28:in `edit'
  Rendering cats/edit.html.erb within layouts/application
  Rendered cats/edit.html.erb within layouts/application (Duration: 0.5ms | Allocations: 82)
Completed 200 OK in 6ms (Views: 1.9ms | ActiveRecord: 0.4ms | Allocations: 1153)


Started GET "/cats/12/edit" for ::1 at 2019-10-02 16:01:31 -0700
Processing by CatsController#edit as HTML
  Parameters: {"id"=>"12"}
  [1m[36mCat Load (0.4ms)[0m  [1m[34mSELECT "cats".* FROM "cats" WHERE "cats"."id" = $1 LIMIT $2[0m  [["id", 12], ["LIMIT", 1]]
  ↳ app/controllers/cats_controller.rb:28:in `edit'
  Rendering cats/edit.html.erb within layouts/application
  Rendered cats/edit.html.erb within layouts/application (Duration: 0.5ms | Allocations: 82)
Completed 200 OK in 6ms (Views: 2.1ms | ActiveRecord: 0.4ms | Allocations: 1149)


Started GET "/cats/10/edit" for ::1 at 2019-10-02 16:01:58 -0700
Processing by CatsController#edit as HTML
  Parameters: {"id"=>"10"}
  [1m[36mCat Load (0.4ms)[0m  [1m[34mSELECT "cats".* FROM "cats" WHERE "cats"."id" = $1 LIMIT $2[0m  [["id", 10], ["LIMIT", 1]]
  ↳ app/controllers/cats_controller.rb:28:in `edit'
  Rendering cats/edit.html.erb within layouts/application
  Rendered cats/edit.html.erb within layouts/application (Duration: 0.5ms | Allocations: 82)
Completed 200 OK in 6ms (Views: 2.7ms | ActiveRecord: 0.4ms | Allocations: 1149)


Started GET "/cats/10/edit" for ::1 at 2019-10-02 16:05:10 -0700
Processing by CatsController#edit as HTML
  Parameters: {"id"=>"10"}
  [1m[36mCat Load (0.4ms)[0m  [1m[34mSELECT "cats".* FROM "cats" WHERE "cats"."id" = $1 LIMIT $2[0m  [["id", 10], ["LIMIT", 1]]
  ↳ app/controllers/cats_controller.rb:28:in `edit'
  Rendering cats/edit.html.erb within layouts/application
  Rendered cats/edit.html.erb within layouts/application (Duration: 2.2ms | Allocations: 442)
Completed 200 OK in 15ms (Views: 12.1ms | ActiveRecord: 0.4ms | Allocations: 2400)


Started GET "/cats/11/edit" for ::1 at 2019-10-02 16:05:17 -0700
Processing by CatsController#edit as HTML
  Parameters: {"id"=>"11"}
  [1m[36mCat Load (0.7ms)[0m  [1m[34mSELECT "cats".* FROM "cats" WHERE "cats"."id" = $1 LIMIT $2[0m  [["id", 11], ["LIMIT", 1]]
  ↳ app/controllers/cats_controller.rb:28:in `edit'
  Rendering cats/edit.html.erb within layouts/application
  Rendered cats/edit.html.erb within layouts/application (Duration: 0.7ms | Allocations: 110)
Completed 200 OK in 8ms (Views: 2.8ms | ActiveRecord: 0.7ms | Allocations: 1182)


Started GET "/cats/13/edit" for ::1 at 2019-10-02 16:05:24 -0700
Processing by CatsController#edit as HTML
  Parameters: {"id"=>"13"}
  [1m[36mCat Load (0.5ms)[0m  [1m[34mSELECT "cats".* FROM "cats" WHERE "cats"."id" = $1 LIMIT $2[0m  [["id", 13], ["LIMIT", 1]]
  ↳ app/controllers/cats_controller.rb:28:in `edit'
  Rendering cats/edit.html.erb within layouts/application
  Rendered cats/edit.html.erb within layouts/application (Duration: 0.7ms | Allocations: 106)
Completed 200 OK in 6ms (Views: 2.1ms | ActiveRecord: 0.5ms | Allocations: 1172)


Started GET "/cats/13/edit" for ::1 at 2019-10-02 16:06:19 -0700
Processing by CatsController#edit as HTML
  Parameters: {"id"=>"13"}
  [1m[36mCat Load (0.6ms)[0m  [1m[34mSELECT "cats".* FROM "cats" WHERE "cats"."id" = $1 LIMIT $2[0m  [["id", 13], ["LIMIT", 1]]
  ↳ app/controllers/cats_controller.rb:28:in `edit'
  Rendering cats/edit.html.erb within layouts/application
  Rendered cats/edit.html.erb within layouts/application (Duration: 2.4ms | Allocations: 428)
Completed 200 OK in 17ms (Views: 12.9ms | ActiveRecord: 0.6ms | Allocations: 2378)


Started GET "/cats/11/edit" for ::1 at 2019-10-02 16:06:25 -0700
Processing by CatsController#edit as HTML
  Parameters: {"id"=>"11"}
  [1m[36mCat Load (0.5ms)[0m  [1m[34mSELECT "cats".* FROM "cats" WHERE "cats"."id" = $1 LIMIT $2[0m  [["id", 11], ["LIMIT", 1]]
  ↳ app/controllers/cats_controller.rb:28:in `edit'
  Rendering cats/edit.html.erb within layouts/application
  Rendered cats/edit.html.erb within layouts/application (Duration: 0.5ms | Allocations: 110)
Completed 200 OK in 6ms (Views: 2.2ms | ActiveRecord: 0.5ms | Allocations: 1181)


Started GET "/cats/11/edit" for ::1 at 2019-10-02 16:07:33 -0700
Processing by CatsController#edit as HTML
  Parameters: {"id"=>"11"}
  [1m[36mCat Load (0.4ms)[0m  [1m[34mSELECT "cats".* FROM "cats" WHERE "cats"."id" = $1 LIMIT $2[0m  [["id", 11], ["LIMIT", 1]]
  ↳ app/controllers/cats_controller.rb:28:in `edit'
  Rendering cats/edit.html.erb within layouts/application
  Rendered cats/edit.html.erb within layouts/application (Duration: 3.9ms | Allocations: 428)
Completed 200 OK in 16ms (Views: 12.5ms | ActiveRecord: 0.4ms | Allocations: 2386)


Started GET "/cats/10/edit" for ::1 at 2019-10-02 16:07:45 -0700
Processing by CatsController#edit as HTML
  Parameters: {"id"=>"10"}
  [1m[36mCat Load (0.4ms)[0m  [1m[34mSELECT "cats".* FROM "cats" WHERE "cats"."id" = $1 LIMIT $2[0m  [["id", 10], ["LIMIT", 1]]
  ↳ app/controllers/cats_controller.rb:28:in `edit'
  Rendering cats/edit.html.erb within layouts/application
  Rendered cats/edit.html.erb within layouts/application (Duration: 1.6ms | Allocations: 430)
Completed 200 OK in 9ms (Views: 6.5ms | ActiveRecord: 0.4ms | Allocations: 2391)


Started GET "/cats/10/edit" for ::1 at 2019-10-02 16:08:37 -0700
Processing by CatsController#edit as HTML
  Parameters: {"id"=>"10"}
  [1m[36mCat Load (0.4ms)[0m  [1m[34mSELECT "cats".* FROM "cats" WHERE "cats"."id" = $1 LIMIT $2[0m  [["id", 10], ["LIMIT", 1]]
  ↳ app/controllers/cats_controller.rb:28:in `edit'
  Rendering cats/edit.html.erb within layouts/application
  Rendered cats/edit.html.erb within layouts/application (Duration: 2.0ms | Allocations: 436)
Completed 200 OK in 13ms (Views: 10.0ms | ActiveRecord: 0.4ms | Allocations: 2391)


Started GET "/cats/10/edit" for ::1 at 2019-10-02 16:08:38 -0700
Processing by CatsController#edit as HTML
  Parameters: {"id"=>"10"}
  [1m[36mCat Load (0.4ms)[0m  [1m[34mSELECT "cats".* FROM "cats" WHERE "cats"."id" = $1 LIMIT $2[0m  [["id", 10], ["LIMIT", 1]]
  ↳ app/controllers/cats_controller.rb:28:in `edit'
  Rendering cats/edit.html.erb within layouts/application
  Rendered cats/edit.html.erb within layouts/application (Duration: 0.3ms | Allocations: 110)
Completed 200 OK in 3ms (Views: 1.0ms | ActiveRecord: 0.4ms | Allocations: 1177)


Started GET "/cats/11/edit" for ::1 at 2019-10-02 16:08:48 -0700
Processing by CatsController#edit as HTML
  Parameters: {"id"=>"11"}
  [1m[36mCat Load (0.5ms)[0m  [1m[34mSELECT "cats".* FROM "cats" WHERE "cats"."id" = $1 LIMIT $2[0m  [["id", 11], ["LIMIT", 1]]
  ↳ app/controllers/cats_controller.rb:28:in `edit'
  Rendering cats/edit.html.erb within layouts/application
  Rendered cats/edit.html.erb within layouts/application (Duration: 1.5ms | Allocations: 433)
Completed 200 OK in 10ms (Views: 6.5ms | ActiveRecord: 0.5ms | Allocations: 2392)


Started GET "/cats/12/edit" for ::1 at 2019-10-02 16:08:53 -0700
Processing by CatsController#edit as HTML
  Parameters: {"id"=>"12"}
  [1m[36mCat Load (0.5ms)[0m  [1m[34mSELECT "cats".* FROM "cats" WHERE "cats"."id" = $1 LIMIT $2[0m  [["id", 12], ["LIMIT", 1]]
  ↳ app/controllers/cats_controller.rb:28:in `edit'
  Rendering cats/edit.html.erb within layouts/application
  Rendered cats/edit.html.erb within layouts/application (Duration: 0.5ms | Allocations: 110)
Completed 200 OK in 6ms (Views: 2.1ms | ActiveRecord: 0.5ms | Allocations: 1177)


Started GET "/cats/12/edit" for ::1 at 2019-10-02 16:09:43 -0700
Processing by CatsController#edit as HTML
  Parameters: {"id"=>"12"}
  [1m[36mCat Load (0.4ms)[0m  [1m[34mSELECT "cats".* FROM "cats" WHERE "cats"."id" = $1 LIMIT $2[0m  [["id", 12], ["LIMIT", 1]]
  ↳ app/controllers/cats_controller.rb:28:in `edit'
  Rendering cats/edit.html.erb within layouts/application
  Rendered cats/edit.html.erb within layouts/application (Duration: 2.1ms | Allocations: 459)
Completed 200 OK in 13ms (Views: 9.0ms | ActiveRecord: 0.4ms | Allocations: 2410)


Started GET "/cats/13/edit" for ::1 at 2019-10-02 16:09:49 -0700
Processing by CatsController#edit as HTML
  Parameters: {"id"=>"13"}
  [1m[36mCat Load (1.5ms)[0m  [1m[34mSELECT "cats".* FROM "cats" WHERE "cats"."id" = $1 LIMIT $2[0m  [["id", 13], ["LIMIT", 1]]
  ↳ app/controllers/cats_controller.rb:28:in `edit'
  Rendering cats/edit.html.erb within layouts/application
  Rendered cats/edit.html.erb within layouts/application (Duration: 0.6ms | Allocations: 121)
Completed 200 OK in 8ms (Views: 1.9ms | ActiveRecord: 1.5ms | Allocations: 1188)


Started GET "/cats/14/edit" for ::1 at 2019-10-02 16:09:53 -0700
Processing by CatsController#edit as HTML
  Parameters: {"id"=>"14"}
  [1m[36mCat Load (0.5ms)[0m  [1m[34mSELECT "cats".* FROM "cats" WHERE "cats"."id" = $1 LIMIT $2[0m  [["id", 14], ["LIMIT", 1]]
  ↳ app/controllers/cats_controller.rb:28:in `edit'
  Rendering cats/edit.html.erb within layouts/application
  Rendered cats/edit.html.erb within layouts/application (Duration: 0.6ms | Allocations: 117)
Completed 200 OK in 5ms (Views: 2.2ms | ActiveRecord: 0.5ms | Allocations: 1185)


Started GET "/cats/14/edit" for ::1 at 2019-10-02 16:10:22 -0700
Processing by CatsController#edit as HTML
  Parameters: {"id"=>"14"}
  [1m[36mCat Load (0.4ms)[0m  [1m[34mSELECT "cats".* FROM "cats" WHERE "cats"."id" = $1 LIMIT $2[0m  [["id", 14], ["LIMIT", 1]]
  ↳ app/controllers/cats_controller.rb:28:in `edit'
  Rendering cats/edit.html.erb within layouts/application
  Rendered cats/edit.html.erb within layouts/application (Duration: 1.7ms | Allocations: 479)
Completed 200 OK in 11ms (Views: 8.6ms | ActiveRecord: 0.4ms | Allocations: 2442)


Started GET "/cats/14/edit" for ::1 at 2019-10-02 16:10:23 -0700
Processing by CatsController#edit as HTML
  Parameters: {"id"=>"14"}
  [1m[36mCat Load (0.5ms)[0m  [1m[34mSELECT "cats".* FROM "cats" WHERE "cats"."id" = $1 LIMIT $2[0m  [["id", 14], ["LIMIT", 1]]
  ↳ app/controllers/cats_controller.rb:28:in `edit'
  Rendering cats/edit.html.erb within layouts/application
  Rendered cats/edit.html.erb within layouts/application (Duration: 0.7ms | Allocations: 124)
Completed 200 OK in 5ms (Views: 1.9ms | ActiveRecord: 0.5ms | Allocations: 1192)


Started GET "/cats/13/edit" for ::1 at 2019-10-02 16:10:31 -0700
Processing by CatsController#edit as HTML
  Parameters: {"id"=>"13"}
  [1m[36mCat Load (0.8ms)[0m  [1m[34mSELECT "cats".* FROM "cats" WHERE "cats"."id" = $1 LIMIT $2[0m  [["id", 13], ["LIMIT", 1]]
  ↳ app/controllers/cats_controller.rb:28:in `edit'
  Rendering cats/edit.html.erb within layouts/application
  Rendered cats/edit.html.erb within layouts/application (Duration: 2.5ms | Allocations: 473)
Completed 200 OK in 13ms (Views: 8.2ms | ActiveRecord: 0.8ms | Allocations: 2427)


Started GET "/cats/13/edit" for ::1 at 2019-10-02 16:11:10 -0700
Processing by CatsController#edit as HTML
  Parameters: {"id"=>"13"}
  [1m[36mCat Load (0.4ms)[0m  [1m[34mSELECT "cats".* FROM "cats" WHERE "cats"."id" = $1 LIMIT $2[0m  [["id", 13], ["LIMIT", 1]]
  ↳ app/controllers/cats_controller.rb:28:in `edit'
  Rendering cats/edit.html.erb within layouts/application
  Rendered cats/edit.html.erb within layouts/application (Duration: 2.4ms | Allocations: 475)
Completed 200 OK in 11ms (Views: 7.8ms | ActiveRecord: 0.4ms | Allocations: 2434)


Started GET "/cats/12/edit" for ::1 at 2019-10-02 16:11:15 -0700
Processing by CatsController#edit as HTML
  Parameters: {"id"=>"12"}
  [1m[36mCat Load (0.9ms)[0m  [1m[34mSELECT "cats".* FROM "cats" WHERE "cats"."id" = $1 LIMIT $2[0m  [["id", 12], ["LIMIT", 1]]
  ↳ app/controllers/cats_controller.rb:28:in `edit'
  Rendering cats/edit.html.erb within layouts/application
  Rendered cats/edit.html.erb within layouts/application (Duration: 0.6ms | Allocations: 124)
Completed 200 OK in 6ms (Views: 1.6ms | ActiveRecord: 0.9ms | Allocations: 1196)


Started GET "/cats/11/edit" for ::1 at 2019-10-02 16:11:19 -0700
Processing by CatsController#edit as HTML
  Parameters: {"id"=>"11"}
  [1m[36mCat Load (4.6ms)[0m  [1m[34mSELECT "cats".* FROM "cats" WHERE "cats"."id" = $1 LIMIT $2[0m  [["id", 11], ["LIMIT", 1]]
  ↳ app/controllers/cats_controller.rb:28:in `edit'
  Rendering cats/edit.html.erb within layouts/application
  Rendered cats/edit.html.erb within layouts/application (Duration: 0.5ms | Allocations: 120)
Completed 200 OK in 12ms (Views: 2.2ms | ActiveRecord: 4.6ms | Allocations: 1185)


Started GET "/cats/14/edit" for ::1 at 2019-10-02 16:14:58 -0700
Processing by CatsController#edit as HTML
  Parameters: {"id"=>"14"}
  [1m[36mCat Load (0.7ms)[0m  [1m[34mSELECT "cats".* FROM "cats" WHERE "cats"."id" = $1 LIMIT $2[0m  [["id", 14], ["LIMIT", 1]]
  ↳ app/controllers/cats_controller.rb:28:in `edit'
  Rendering cats/edit.html.erb within layouts/application
  Rendered cats/edit.html.erb within layouts/application (Duration: 3.0ms | Allocations: 475)
Completed 200 OK in 21ms (Views: 13.4ms | ActiveRecord: 0.7ms | Allocations: 2433)


Started GET "/cats/16/edit" for ::1 at 2019-10-02 16:15:03 -0700
Processing by CatsController#edit as HTML
  Parameters: {"id"=>"16"}
  [1m[36mCat Load (0.7ms)[0m  [1m[34mSELECT "cats".* FROM "cats" WHERE "cats"."id" = $1 LIMIT $2[0m  [["id", 16], ["LIMIT", 1]]
  ↳ app/controllers/cats_controller.rb:28:in `edit'
Completed 404 Not Found in 6ms (ActiveRecord: 0.7ms | Allocations: 1570)



ActiveRecord::RecordNotFound - Couldn't find Cat with 'id'=16:
  app/controllers/cats_controller.rb:28:in `edit'

Started POST "/__better_errors/d8ec03222458cce8/variables" for ::1 at 2019-10-02 16:15:03 -0700
Started GET "/cats/15/edit" for ::1 at 2019-10-02 16:15:07 -0700
Processing by CatsController#edit as HTML
  Parameters: {"id"=>"15"}
  [1m[36mCat Load (0.6ms)[0m  [1m[34mSELECT "cats".* FROM "cats" WHERE "cats"."id" = $1 LIMIT $2[0m  [["id", 15], ["LIMIT", 1]]
  ↳ app/controllers/cats_controller.rb:28:in `edit'
  Rendering cats/edit.html.erb within layouts/application
  Rendered cats/edit.html.erb within layouts/application (Duration: 0.8ms | Allocations: 124)
Completed 200 OK in 6ms (Views: 2.8ms | ActiveRecord: 0.6ms | Allocations: 1191)


Started PATCH "/cats" for ::1 at 2019-10-02 16:16:41 -0700
  
ActionController::RoutingError (No route matches [PATCH] "/cats"):
  
actionpack (6.0.0) lib/action_dispatch/middleware/debug_exceptions.rb:36:in `call'
web-console (4.0.1) lib/web_console/middleware.rb:132:in `call_app'
web-console (4.0.1) lib/web_console/middleware.rb:28:in `block in call'
web-console (4.0.1) lib/web_console/middleware.rb:17:in `catch'
web-console (4.0.1) lib/web_console/middleware.rb:17:in `call'
actionpack (6.0.0) lib/action_dispatch/middleware/show_exceptions.rb:33:in `call'
railties (6.0.0) lib/rails/rack/logger.rb:38:in `call_app'
railties (6.0.0) lib/rails/rack/logger.rb:26:in `block in call'
activesupport (6.0.0) lib/active_support/tagged_logging.rb:80:in `block in tagged'
activesupport (6.0.0) lib/active_support/tagged_logging.rb:28:in `tagged'
activesupport (6.0.0) lib/active_support/tagged_logging.rb:80:in `tagged'
railties (6.0.0) lib/rails/rack/logger.rb:26:in `call'
sprockets-rails (3.2.1) lib/sprockets/rails/quiet_assets.rb:13:in `call'
actionpack (6.0.0) lib/action_dispatch/middleware/remote_ip.rb:81:in `call'
actionpack (6.0.0) lib/action_dispatch/middleware/request_id.rb:27:in `call'
rack (2.0.7) lib/rack/method_override.rb:22:in `call'
rack (2.0.7) lib/rack/runtime.rb:22:in `call'
activesupport (6.0.0) lib/active_support/cache/strategy/local_cache_middleware.rb:29:in `call'
actionpack (6.0.0) lib/action_dispatch/middleware/executor.rb:14:in `call'
actionpack (6.0.0) lib/action_dispatch/middleware/static.rb:126:in `call'
rack (2.0.7) lib/rack/sendfile.rb:111:in `call'
actionpack (6.0.0) lib/action_dispatch/middleware/host_authorization.rb:83:in `call'
railties (6.0.0) lib/rails/engine.rb:526:in `call'
puma (3.12.1) lib/puma/configuration.rb:227:in `call'
puma (3.12.1) lib/puma/server.rb:660:in `handle_request'
puma (3.12.1) lib/puma/server.rb:474:in `process_client'
puma (3.12.1) lib/puma/server.rb:334:in `block in run'
puma (3.12.1) lib/puma/thread_pool.rb:135:in `block in spawn_thread'
Started GET "/cats/15/edit" for ::1 at 2019-10-02 16:18:48 -0700
Processing by CatsController#edit as HTML
  Parameters: {"id"=>"15"}
  [1m[36mCat Load (0.6ms)[0m  [1m[34mSELECT "cats".* FROM "cats" WHERE "cats"."id" = $1 LIMIT $2[0m  [["id", 15], ["LIMIT", 1]]
  ↳ app/controllers/cats_controller.rb:28:in `edit'
  Rendering cats/edit.html.erb within layouts/application
  Rendered cats/edit.html.erb within layouts/application (Duration: 1.5ms | Allocations: 487)
Completed 200 OK in 18ms (Views: 12.6ms | ActiveRecord: 0.6ms | Allocations: 2446)


Started GET "/cats/15?_method=PATCH&cat%5Bname%5D=Sennacy&cat%5Bsex%5D=F&cat%5Bcolor%5D=black&cat%5Bbirth_date%5D=2018-03-14&cat%5Bdescription%5D=Another+cat+has+arrived" for ::1 at 2019-10-02 16:19:02 -0700
Processing by CatsController#show as HTML
  Parameters: {"cat"=>{"name"=>"Sennacy", "sex"=>"F", "color"=>"black", "birth_date"=>"2018-03-14", "description"=>"Another cat has arrived"}, "id"=>"15"}
  [1m[36mCat Load (0.8ms)[0m  [1m[34mSELECT "cats".* FROM "cats" WHERE "cats"."id" = $1 LIMIT $2[0m  [["id", 15], ["LIMIT", 1]]
  ↳ app/controllers/cats_controller.rb:9:in `show'
  Rendering cats/show.html.erb within layouts/application
  Rendered cats/show.html.erb within layouts/application (Duration: 3.7ms | Allocations: 246)
Completed 200 OK in 11ms (Views: 6.2ms | ActiveRecord: 0.8ms | Allocations: 1465)


Started GET "/cats/" for ::1 at 2019-10-02 16:19:16 -0700
Processing by CatsController#index as HTML
  Rendering cats/index.html.erb within layouts/application
  [1m[36mCat Load (2.2ms)[0m  [1m[34mSELECT "cats".* FROM "cats"[0m
  ↳ app/views/cats/index.html.erb:4
  Rendered cats/index.html.erb within layouts/application (Duration: 15.1ms | Allocations: 1109)
Completed 200 OK in 21ms (Views: 16.2ms | ActiveRecord: 2.2ms | Allocations: 1769)


Started GET "/cats/15" for ::1 at 2019-10-02 16:19:18 -0700
Processing by CatsController#show as HTML
  Parameters: {"id"=>"15"}
  [1m[36mCat Load (0.5ms)[0m  [1m[34mSELECT "cats".* FROM "cats" WHERE "cats"."id" = $1 LIMIT $2[0m  [["id", 15], ["LIMIT", 1]]
  ↳ app/controllers/cats_controller.rb:9:in `show'
  Rendering cats/show.html.erb within layouts/application
  Rendered cats/show.html.erb within layouts/application (Duration: 0.8ms | Allocations: 37)
Completed 200 OK in 6ms (Views: 1.9ms | ActiveRecord: 0.5ms | Allocations: 1113)


Started GET "/cats/15/edit" for ::1 at 2019-10-02 16:19:24 -0700
Processing by CatsController#edit as HTML
  Parameters: {"id"=>"15"}
  [1m[36mCat Load (0.4ms)[0m  [1m[34mSELECT "cats".* FROM "cats" WHERE "cats"."id" = $1 LIMIT $2[0m  [["id", 15], ["LIMIT", 1]]
  ↳ app/controllers/cats_controller.rb:28:in `edit'
  Rendering cats/edit.html.erb within layouts/application
  Rendered cats/edit.html.erb within layouts/application (Duration: 0.5ms | Allocations: 125)
Completed 200 OK in 6ms (Views: 2.2ms | ActiveRecord: 0.4ms | Allocations: 1187)


Started GET "/cats" for ::1 at 2019-10-02 16:19:41 -0700
Processing by CatsController#index as HTML
  Rendering cats/index.html.erb within layouts/application
  [1m[36mCat Load (0.5ms)[0m  [1m[34mSELECT "cats".* FROM "cats"[0m
  ↳ app/views/cats/index.html.erb:4
  Rendered cats/index.html.erb within layouts/application (Duration: 5.9ms | Allocations: 1102)
Completed 200 OK in 12ms (Views: 10.4ms | ActiveRecord: 0.5ms | Allocations: 2507)


Started GET "/cats/15?_method=PATCH&cat%5Bname%5D=Sennacy&cat%5Bsex%5D=M&cat%5Bcolor%5D=green&cat%5Bbirth_date%5D=2018-03-14&cat%5Bdescription%5D=Another+cat+has+arrived" for ::1 at 2019-10-02 16:22:04 -0700
Processing by CatsController#show as HTML
  Parameters: {"cat"=>{"name"=>"Sennacy", "sex"=>"M", "color"=>"green", "birth_date"=>"2018-03-14", "description"=>"Another cat has arrived"}, "id"=>"15"}
  [1m[36mCat Load (0.5ms)[0m  [1m[34mSELECT "cats".* FROM "cats" WHERE "cats"."id" = $1 LIMIT $2[0m  [["id", 15], ["LIMIT", 1]]
  ↳ app/controllers/cats_controller.rb:9:in `show'
  Rendering cats/show.html.erb within layouts/application
  Rendered cats/show.html.erb within layouts/application (Duration: 2.6ms | Allocations: 237)
Completed 200 OK in 14ms (Views: 10.4ms | ActiveRecord: 0.5ms | Allocations: 2204)


Started GET "/cats/15?_method=PATCH&cat%5Bname%5D=Sennacy&cat%5Bsex%5D=M&cat%5Bcolor%5D=green&cat%5Bbirth_date%5D=2018-03-14&cat%5Bdescription%5D=Another+cat+has+arrived" for ::1 at 2019-10-02 16:22:06 -0700
Processing by CatsController#show as HTML
  Parameters: {"cat"=>{"name"=>"Sennacy", "sex"=>"M", "color"=>"green", "birth_date"=>"2018-03-14", "description"=>"Another cat has arrived"}, "id"=>"15"}
  [1m[36mCat Load (0.4ms)[0m  [1m[34mSELECT "cats".* FROM "cats" WHERE "cats"."id" = $1 LIMIT $2[0m  [["id", 15], ["LIMIT", 1]]
  ↳ app/controllers/cats_controller.rb:9:in `show'
  Rendering cats/show.html.erb within layouts/application
  Rendered cats/show.html.erb within layouts/application (Duration: 0.3ms | Allocations: 37)
Completed 200 OK in 5ms (Views: 1.6ms | ActiveRecord: 0.4ms | Allocations: 1123)


Started GET "/cats/15/edit" for ::1 at 2019-10-02 16:22:13 -0700
Processing by CatsController#edit as HTML
  Parameters: {"id"=>"15"}
  [1m[36mCat Load (0.5ms)[0m  [1m[34mSELECT "cats".* FROM "cats" WHERE "cats"."id" = $1 LIMIT $2[0m  [["id", 15], ["LIMIT", 1]]
  ↳ app/controllers/cats_controller.rb:28:in `edit'
  Rendering cats/edit.html.erb within layouts/application
  Rendered cats/edit.html.erb within layouts/application (Duration: 3.1ms | Allocations: 479)
Completed 200 OK in 9ms (Views: 5.7ms | ActiveRecord: 0.5ms | Allocations: 1684)


Started GET "/cats/15?_method=PUT&cat%5Bname%5D=Sennacy&cat%5Bsex%5D=M&cat%5Bcolor%5D=green&cat%5Bbirth_date%5D=2018-03-14&cat%5Bdescription%5D=Another+cat+has+arrived" for ::1 at 2019-10-02 16:22:20 -0700
Processing by CatsController#show as HTML
  Parameters: {"cat"=>{"name"=>"Sennacy", "sex"=>"M", "color"=>"green", "birth_date"=>"2018-03-14", "description"=>"Another cat has arrived"}, "id"=>"15"}
  [1m[36mCat Load (3.1ms)[0m  [1m[34mSELECT "cats".* FROM "cats" WHERE "cats"."id" = $1 LIMIT $2[0m  [["id", 15], ["LIMIT", 1]]
  ↳ app/controllers/cats_controller.rb:9:in `show'
  Rendering cats/show.html.erb within layouts/application
  Rendered cats/show.html.erb within layouts/application (Duration: 0.7ms | Allocations: 37)
Completed 200 OK in 12ms (Views: 3.3ms | ActiveRecord: 3.1ms | Allocations: 1115)


Started GET "/cats/" for ::1 at 2019-10-02 16:22:25 -0700
Processing by CatsController#index as HTML
  Rendering cats/index.html.erb within layouts/application
  [1m[36mCat Load (0.8ms)[0m  [1m[34mSELECT "cats".* FROM "cats"[0m
  ↳ app/views/cats/index.html.erb:4
  Rendered cats/index.html.erb within layouts/application (Duration: 6.3ms | Allocations: 1101)
Completed 200 OK in 9ms (Views: 7.5ms | ActiveRecord: 0.8ms | Allocations: 1760)


Started GET "/cats/15/edit" for ::1 at 2019-10-02 16:23:04 -0700
Processing by CatsController#edit as HTML
  Parameters: {"id"=>"15"}
  [1m[36mCat Load (1.7ms)[0m  [1m[34mSELECT "cats".* FROM "cats" WHERE "cats"."id" = $1 LIMIT $2[0m  [["id", 15], ["LIMIT", 1]]
  ↳ app/controllers/cats_controller.rb:28:in `edit'
  Rendering cats/edit.html.erb within layouts/application
  Rendered cats/edit.html.erb within layouts/application (Duration: 2.0ms | Allocations: 479)
Completed 200 OK in 17ms (Views: 10.9ms | ActiveRecord: 1.7ms | Allocations: 2430)


Started PATCH "/cats/15" for ::1 at 2019-10-02 16:23:14 -0700
Processing by CatsController#update as HTML
  Parameters: {"cat"=>{"name"=>"Sennacy", "sex"=>"M", "color"=>"black", "birth_date"=>"2018-03-14", "description"=>"Another cat has arrived"}, "id"=>"15"}
  [1m[36mCat Load (0.9ms)[0m  [1m[34mSELECT "cats".* FROM "cats" WHERE "cats"."id" = $1 LIMIT $2[0m  [["id", 15], ["LIMIT", 1]]
  ↳ app/controllers/cats_controller.rb:33:in `update'
  [1m[35m (0.4ms)[0m  [1m[35mBEGIN[0m
  ↳ app/controllers/cats_controller.rb:34:in `update'
  [1m[36mCat Update (2.2ms)[0m  [1m[33mUPDATE "cats" SET "name" = $1, "color" = $2, "sex" = $3, "updated_at" = $4 WHERE "cats"."id" = $5[0m  [["name", "Sennacy"], ["color", "black"], ["sex", "M"], ["updated_at", "2019-10-02 23:23:14.558242"], ["id", 15]]
  ↳ app/controllers/cats_controller.rb:34:in `update'
  [1m[35m (1.5ms)[0m  [1m[35mCOMMIT[0m
  ↳ app/controllers/cats_controller.rb:34:in `update'
Redirected to http://localhost:3000/cats/15
Completed 302 Found in 32ms (ActiveRecord: 4.9ms | Allocations: 3328)


Started GET "/cats/15" for ::1 at 2019-10-02 16:23:14 -0700
Processing by CatsController#show as HTML
  Parameters: {"id"=>"15"}
  [1m[36mCat Load (0.3ms)[0m  [1m[34mSELECT "cats".* FROM "cats" WHERE "cats"."id" = $1 LIMIT $2[0m  [["id", 15], ["LIMIT", 1]]
  ↳ app/controllers/cats_controller.rb:9:in `show'
  Rendering cats/show.html.erb within layouts/application
  Rendered cats/show.html.erb within layouts/application (Duration: 1.6ms | Allocations: 237)
Completed 200 OK in 7ms (Views: 4.2ms | ActiveRecord: 0.3ms | Allocations: 1449)


Started GET "/cats/" for ::1 at 2019-10-02 16:23:44 -0700
Processing by CatsController#index as HTML
  Rendering cats/index.html.erb within layouts/application
  [1m[36mCat Load (0.6ms)[0m  [1m[34mSELECT "cats".* FROM "cats"[0m
  ↳ app/views/cats/index.html.erb:4
  Rendered cats/index.html.erb within layouts/application (Duration: 4.4ms | Allocations: 1101)
Completed 200 OK in 8ms (Views: 5.6ms | ActiveRecord: 0.6ms | Allocations: 1765)


Started GET "/cats/15" for ::1 at 2019-10-02 16:23:47 -0700
Processing by CatsController#show as HTML
  Parameters: {"id"=>"15"}
  [1m[36mCat Load (1.8ms)[0m  [1m[34mSELECT "cats".* FROM "cats" WHERE "cats"."id" = $1 LIMIT $2[0m  [["id", 15], ["LIMIT", 1]]
  ↳ app/controllers/cats_controller.rb:9:in `show'
  Rendering cats/show.html.erb within layouts/application
  Rendered cats/show.html.erb within layouts/application (Duration: 0.2ms | Allocations: 37)
Completed 200 OK in 7ms (Views: 1.9ms | ActiveRecord: 1.8ms | Allocations: 1101)


Started GET "/cats/15/edit" for ::1 at 2019-10-02 16:23:53 -0700
Processing by CatsController#edit as HTML
  Parameters: {"id"=>"15"}
  [1m[36mCat Load (0.5ms)[0m  [1m[34mSELECT "cats".* FROM "cats" WHERE "cats"."id" = $1 LIMIT $2[0m  [["id", 15], ["LIMIT", 1]]
  ↳ app/controllers/cats_controller.rb:28:in `edit'
  Rendering cats/edit.html.erb within layouts/application
  Rendered cats/edit.html.erb within layouts/application (Duration: 0.5ms | Allocations: 125)
Completed 200 OK in 5ms (Views: 1.3ms | ActiveRecord: 0.5ms | Allocations: 1195)


Started PATCH "/cats/15" for ::1 at 2019-10-02 16:24:21 -0700
Processing by CatsController#update as HTML
  Parameters: {"cat"=>{"name"=>"Sennacy", "sex"=>"M", "color"=>"black", "birth_date"=>"2010-01-28", "description"=>"A very old cat..."}, "id"=>"15"}
  [1m[36mCat Load (9.2ms)[0m  [1m[34mSELECT "cats".* FROM "cats" WHERE "cats"."id" = $1 LIMIT $2[0m  [["id", 15], ["LIMIT", 1]]
  ↳ app/controllers/cats_controller.rb:33:in `update'
  [1m[35m (2.3ms)[0m  [1m[35mBEGIN[0m
  ↳ app/controllers/cats_controller.rb:34:in `update'
  [1m[36mCat Update (1.4ms)[0m  [1m[33mUPDATE "cats" SET "birth_date" = $1, "description" = $2, "updated_at" = $3 WHERE "cats"."id" = $4[0m  [["birth_date", "2010-01-28"], ["description", "A very old cat..."], ["updated_at", "2019-10-02 23:24:21.272070"], ["id", 15]]
  ↳ app/controllers/cats_controller.rb:34:in `update'
  [1m[35m (1.1ms)[0m  [1m[35mCOMMIT[0m
  ↳ app/controllers/cats_controller.rb:34:in `update'
Redirected to http://localhost:3000/cats/15
Completed 302 Found in 138ms (ActiveRecord: 14.0ms | Allocations: 3241)


Started GET "/cats/15" for ::1 at 2019-10-02 16:24:21 -0700
Processing by CatsController#show as HTML
  Parameters: {"id"=>"15"}
  [1m[36mCat Load (0.4ms)[0m  [1m[34mSELECT "cats".* FROM "cats" WHERE "cats"."id" = $1 LIMIT $2[0m  [["id", 15], ["LIMIT", 1]]
  ↳ app/controllers/cats_controller.rb:9:in `show'
  Rendering cats/show.html.erb within layouts/application
  Rendered cats/show.html.erb within layouts/application (Duration: 0.2ms | Allocations: 37)
Completed 200 OK in 4ms (Views: 1.0ms | ActiveRecord: 0.4ms | Allocations: 1104)


Started GET "/cats/" for ::1 at 2019-10-02 16:24:26 -0700
Processing by CatsController#index as HTML
  Rendering cats/index.html.erb within layouts/application
  [1m[36mCat Load (0.6ms)[0m  [1m[34mSELECT "cats".* FROM "cats"[0m
  ↳ app/views/cats/index.html.erb:4
  Rendered cats/index.html.erb within layouts/application (Duration: 3.8ms | Allocations: 928)
Completed 200 OK in 6ms (Views: 4.9ms | ActiveRecord: 0.6ms | Allocations: 1446)


Started GET "/cats/14" for ::1 at 2019-10-02 16:24:30 -0700
Processing by CatsController#show as HTML
  Parameters: {"id"=>"14"}
  [1m[36mCat Load (0.5ms)[0m  [1m[34mSELECT "cats".* FROM "cats" WHERE "cats"."id" = $1 LIMIT $2[0m  [["id", 14], ["LIMIT", 1]]
  ↳ app/controllers/cats_controller.rb:9:in `show'
  Rendering cats/show.html.erb within layouts/application
  Rendered cats/show.html.erb within layouts/application (Duration: 0.2ms | Allocations: 38)
Completed 200 OK in 4ms (Views: 1.1ms | ActiveRecord: 0.5ms | Allocations: 1105)


